[2025-02-13T04:24:58.546+0000] {local_task_job_runner.py:123} INFO - ::group::Pre task execution logs
[2025-02-13T04:24:58.587+0000] {taskinstance.py:2614} INFO - Dependencies all met for dep_context=non-requeueable deps ti=<TaskInstance: transform_data_dag.dbt_run manual__2025-02-13T04:24:57.426858+00:00 [queued]>
[2025-02-13T04:24:58.598+0000] {taskinstance.py:2614} INFO - Dependencies all met for dep_context=requeueable deps ti=<TaskInstance: transform_data_dag.dbt_run manual__2025-02-13T04:24:57.426858+00:00 [queued]>
[2025-02-13T04:24:58.599+0000] {taskinstance.py:2867} INFO - Starting attempt 1 of 1
[2025-02-13T04:24:58.614+0000] {taskinstance.py:2890} INFO - Executing <Task(BashOperator): dbt_run> on 2025-02-13 04:24:57.426858+00:00
[2025-02-13T04:24:58.620+0000] {logging_mixin.py:190} WARNING - /home/airflow/.local/lib/python3.12/site-packages/airflow/task/task_runner/standard_task_runner.py:70 DeprecationWarning: This process (pid=324) is multi-threaded, use of fork() may lead to deadlocks in the child.
[2025-02-13T04:24:58.621+0000] {standard_task_runner.py:72} INFO - Started process 325 to run task
[2025-02-13T04:24:58.620+0000] {standard_task_runner.py:104} INFO - Running: ['airflow', 'tasks', 'run', 'transform_data_dag', 'dbt_run', 'manual__2025-02-13T04:24:57.426858+00:00', '--job-id', '13', '--raw', '--subdir', 'DAGS_FOLDER/transform_data_dag.py', '--cfg-path', '/tmp/tmps9q114bx']
[2025-02-13T04:24:58.622+0000] {standard_task_runner.py:105} INFO - Job 13: Subtask dbt_run
[2025-02-13T04:24:58.640+0000] {logging_mixin.py:190} WARNING - /home/airflow/.local/lib/python3.12/site-packages/airflow/settings.py:209 DeprecationWarning: The sql_alchemy_conn option in [core] has been moved to the sql_alchemy_conn option in [database] - the old setting has been used, but please update your config.
[2025-02-13T04:24:58.675+0000] {task_command.py:467} INFO - Running <TaskInstance: transform_data_dag.dbt_run manual__2025-02-13T04:24:57.426858+00:00 [running]> on host 89bb8c6379b5
[2025-02-13T04:24:58.729+0000] {logging_mixin.py:190} WARNING - /home/airflow/.local/lib/python3.12/site-packages/airflow/utils/log/secrets_masker.py:84 DeprecationWarning: The sensitive_variable_fields option in [admin] has been moved to the sensitive_var_conn_names option in [core] - the old setting has been used, but please update your config.
[2025-02-13T04:24:58.760+0000] {taskinstance.py:3134} INFO - Exporting env vars: AIRFLOW_CTX_DAG_OWNER='airflow' AIRFLOW_CTX_DAG_ID='transform_data_dag' AIRFLOW_CTX_TASK_ID='dbt_run' AIRFLOW_CTX_EXECUTION_DATE='2025-02-13T04:24:57.426858+00:00' AIRFLOW_CTX_TRY_NUMBER='1' AIRFLOW_CTX_DAG_RUN_ID='manual__2025-02-13T04:24:57.426858+00:00'
[2025-02-13T04:24:58.761+0000] {taskinstance.py:732} INFO - ::endgroup::
[2025-02-13T04:24:58.778+0000] {subprocess.py:78} INFO - Tmp dir root location: /tmp
[2025-02-13T04:24:58.780+0000] {subprocess.py:88} INFO - Running command: ['/usr/bin/bash', '-c', 'cd /opt/airflow/dags/dbt/***_project && dbt run']
[2025-02-13T04:24:58.788+0000] {subprocess.py:99} INFO - Output:
[2025-02-13T04:25:01.168+0000] {subprocess.py:106} INFO - [0m04:25:01  Running with dbt=1.8.7
[2025-02-13T04:25:01.503+0000] {subprocess.py:106} INFO - [0m04:25:01  Registered adapter: ***=1.9.0
[2025-02-13T04:25:02.035+0000] {subprocess.py:106} INFO - [0m04:25:02  Found 3 models, 429 macros
[2025-02-13T04:25:02.039+0000] {subprocess.py:106} INFO - [0m04:25:02
[2025-02-13T04:25:02.173+0000] {subprocess.py:106} INFO - [0m04:25:02  Concurrency: 1 threads (target='dev')
[2025-02-13T04:25:02.174+0000] {subprocess.py:106} INFO - [0m04:25:02
[2025-02-13T04:25:02.187+0000] {subprocess.py:106} INFO - [0m04:25:02  1 of 3 START sql view model raw.sources_order_items ............................ [RUN]
[2025-02-13T04:25:02.353+0000] {subprocess.py:106} INFO - [0m04:25:02  1 of 3 OK created sql view model raw.sources_order_items ....................... [[32mCREATE VIEW[0m in 0.16s]
[2025-02-13T04:25:02.357+0000] {subprocess.py:106} INFO - [0m04:25:02  2 of 3 START sql view model raw.sources_orders ................................. [RUN]
[2025-02-13T04:25:02.436+0000] {subprocess.py:106} INFO - [0m04:25:02  2 of 3 OK created sql view model raw.sources_orders ............................ [[32mCREATE VIEW[0m in 0.08s]
[2025-02-13T04:25:02.440+0000] {subprocess.py:106} INFO - [0m04:25:02  3 of 3 START sql view model raw.sources_products ............................... [RUN]
[2025-02-13T04:25:02.522+0000] {subprocess.py:106} INFO - [0m04:25:02  3 of 3 OK created sql view model raw.sources_products .......................... [[32mCREATE VIEW[0m in 0.08s]
[2025-02-13T04:25:02.541+0000] {subprocess.py:106} INFO - [0m04:25:02
[2025-02-13T04:25:02.542+0000] {subprocess.py:106} INFO - [0m04:25:02  Finished running 3 view models in 0 hours 0 minutes and 0.50 seconds (0.50s).
[2025-02-13T04:25:02.615+0000] {subprocess.py:106} INFO - [0m04:25:02
[2025-02-13T04:25:02.615+0000] {subprocess.py:106} INFO - [0m04:25:02  [32mCompleted successfully[0m
[2025-02-13T04:25:02.616+0000] {subprocess.py:106} INFO - [0m04:25:02
[2025-02-13T04:25:02.617+0000] {subprocess.py:106} INFO - [0m04:25:02  Done. PASS=3 WARN=0 ERROR=0 SKIP=0 TOTAL=3
[2025-02-13T04:25:03.376+0000] {subprocess.py:110} INFO - Command exited with return code 0
[2025-02-13T04:25:03.410+0000] {taskinstance.py:341} INFO - ::group::Post task execution logs
[2025-02-13T04:25:03.411+0000] {taskinstance.py:353} INFO - Marking task as SUCCESS. dag_id=transform_data_dag, task_id=dbt_run, run_id=manual__2025-02-13T04:24:57.426858+00:00, execution_date=20250213T042457, start_date=20250213T042458, end_date=20250213T042503
[2025-02-13T04:25:03.456+0000] {local_task_job_runner.py:266} INFO - Task exited with return code 0
[2025-02-13T04:25:03.466+0000] {local_task_job_runner.py:245} INFO - ::endgroup::
