[2025-02-13T08:07:41.949+0000] {local_task_job_runner.py:123} INFO - ::group::Pre task execution logs
[2025-02-13T08:07:41.971+0000] {taskinstance.py:2614} INFO - Dependencies all met for dep_context=non-requeueable deps ti=<TaskInstance: transform_data_dag.dbt_run manual__2025-02-13T08:07:33.653278+00:00 [queued]>
[2025-02-13T08:07:41.984+0000] {taskinstance.py:2614} INFO - Dependencies all met for dep_context=requeueable deps ti=<TaskInstance: transform_data_dag.dbt_run manual__2025-02-13T08:07:33.653278+00:00 [queued]>
[2025-02-13T08:07:41.985+0000] {taskinstance.py:2867} INFO - Starting attempt 1 of 1
[2025-02-13T08:07:42.000+0000] {taskinstance.py:2890} INFO - Executing <Task(BashOperator): dbt_run> on 2025-02-13 08:07:33.653278+00:00
[2025-02-13T08:07:42.006+0000] {logging_mixin.py:190} WARNING - /home/airflow/.local/lib/python3.12/site-packages/airflow/task/task_runner/standard_task_runner.py:70 DeprecationWarning: This process (pid=5552) is multi-threaded, use of fork() may lead to deadlocks in the child.
[2025-02-13T08:07:42.008+0000] {standard_task_runner.py:72} INFO - Started process 5556 to run task
[2025-02-13T08:07:42.007+0000] {standard_task_runner.py:104} INFO - Running: ['airflow', 'tasks', 'run', 'transform_data_dag', 'dbt_run', 'manual__2025-02-13T08:07:33.653278+00:00', '--job-id', '63', '--raw', '--subdir', 'DAGS_FOLDER/transform_data_dag.py', '--cfg-path', '/tmp/tmpw7v6uja4']
[2025-02-13T08:07:42.010+0000] {standard_task_runner.py:105} INFO - Job 63: Subtask dbt_run
[2025-02-13T08:07:42.032+0000] {logging_mixin.py:190} WARNING - /home/airflow/.local/lib/python3.12/site-packages/airflow/settings.py:209 DeprecationWarning: The sql_alchemy_conn option in [core] has been moved to the sql_alchemy_conn option in [database] - the old setting has been used, but please update your config.
[2025-02-13T08:07:42.072+0000] {task_command.py:467} INFO - Running <TaskInstance: transform_data_dag.dbt_run manual__2025-02-13T08:07:33.653278+00:00 [running]> on host 89bb8c6379b5
[2025-02-13T08:07:42.137+0000] {logging_mixin.py:190} WARNING - /home/airflow/.local/lib/python3.12/site-packages/airflow/utils/log/secrets_masker.py:84 DeprecationWarning: The sensitive_variable_fields option in [admin] has been moved to the sensitive_var_conn_names option in [core] - the old setting has been used, but please update your config.
[2025-02-13T08:07:42.173+0000] {taskinstance.py:3134} INFO - Exporting env vars: AIRFLOW_CTX_DAG_OWNER='airflow' AIRFLOW_CTX_DAG_ID='transform_data_dag' AIRFLOW_CTX_TASK_ID='dbt_run' AIRFLOW_CTX_EXECUTION_DATE='2025-02-13T08:07:33.653278+00:00' AIRFLOW_CTX_TRY_NUMBER='1' AIRFLOW_CTX_DAG_RUN_ID='manual__2025-02-13T08:07:33.653278+00:00'
[2025-02-13T08:07:42.174+0000] {taskinstance.py:732} INFO - ::endgroup::
[2025-02-13T08:07:42.191+0000] {subprocess.py:78} INFO - Tmp dir root location: /tmp
[2025-02-13T08:07:42.193+0000] {subprocess.py:88} INFO - Running command: ['/usr/bin/bash', '-c', 'cd /opt/airflow/dags/dbt/***_project && dbt run']
[2025-02-13T08:07:42.201+0000] {subprocess.py:99} INFO - Output:
[2025-02-13T08:07:44.566+0000] {subprocess.py:106} INFO - [0m08:07:44  Running with dbt=1.8.7
[2025-02-13T08:07:44.886+0000] {subprocess.py:106} INFO - [0m08:07:44  Registered adapter: ***=1.9.0
[2025-02-13T08:07:45.590+0000] {subprocess.py:106} INFO - [0m08:07:45  Found 6 models, 2 data tests, 3 sources, 429 macros
[2025-02-13T08:07:45.595+0000] {subprocess.py:106} INFO - [0m08:07:45
[2025-02-13T08:07:45.722+0000] {subprocess.py:106} INFO - [0m08:07:45  Concurrency: 1 threads (target='dev')
[2025-02-13T08:07:45.723+0000] {subprocess.py:106} INFO - [0m08:07:45
[2025-02-13T08:07:45.796+0000] {subprocess.py:106} INFO - [0m08:07:45  1 of 3 START sql incremental model model.order_items ........................... [RUN]
[2025-02-13T08:07:46.054+0000] {subprocess.py:106} INFO - [0m08:07:46  1 of 3 OK created sql incremental model model.order_items ...................... [[32mINSERT 0 0[0m in 0.26s]
[2025-02-13T08:07:46.058+0000] {subprocess.py:106} INFO - [0m08:07:46  2 of 3 START sql incremental model model.orders ................................ [RUN]
[2025-02-13T08:07:46.174+0000] {subprocess.py:106} INFO - [0m08:07:46  2 of 3 OK created sql incremental model model.orders ........................... [[32mINSERT 0 0[0m in 0.11s]
[2025-02-13T08:07:46.178+0000] {subprocess.py:106} INFO - [0m08:07:46  3 of 3 START sql incremental model model.products .............................. [RUN]
[2025-02-13T08:07:46.306+0000] {subprocess.py:106} INFO - [0m08:07:46  3 of 3 OK created sql incremental model model.products ......................... [[32mINSERT 0 0[0m in 0.13s]
[2025-02-13T08:07:46.327+0000] {subprocess.py:106} INFO - [0m08:07:46
[2025-02-13T08:07:46.328+0000] {subprocess.py:106} INFO - [0m08:07:46  Finished running 3 incremental models in 0 hours 0 minutes and 0.73 seconds (0.73s).
[2025-02-13T08:07:46.410+0000] {subprocess.py:106} INFO - [0m08:07:46
[2025-02-13T08:07:46.411+0000] {subprocess.py:106} INFO - [0m08:07:46  [32mCompleted successfully[0m
[2025-02-13T08:07:46.411+0000] {subprocess.py:106} INFO - [0m08:07:46
[2025-02-13T08:07:46.412+0000] {subprocess.py:106} INFO - [0m08:07:46  Done. PASS=3 WARN=0 ERROR=0 SKIP=0 TOTAL=3
[2025-02-13T08:07:47.176+0000] {subprocess.py:110} INFO - Command exited with return code 0
[2025-02-13T08:07:47.202+0000] {taskinstance.py:341} INFO - ::group::Post task execution logs
[2025-02-13T08:07:47.202+0000] {taskinstance.py:353} INFO - Marking task as SUCCESS. dag_id=transform_data_dag, task_id=dbt_run, run_id=manual__2025-02-13T08:07:33.653278+00:00, execution_date=20250213T080733, start_date=20250213T080741, end_date=20250213T080747
[2025-02-13T08:07:47.261+0000] {local_task_job_runner.py:266} INFO - Task exited with return code 0
[2025-02-13T08:07:47.280+0000] {taskinstance.py:3901} INFO - 0 downstream tasks scheduled from follow-on schedule check
[2025-02-13T08:07:47.282+0000] {local_task_job_runner.py:245} INFO - ::endgroup::
