[2025-02-13T04:24:21.176+0000] {local_task_job_runner.py:123} INFO - ::group::Pre task execution logs
[2025-02-13T04:24:21.199+0000] {taskinstance.py:2614} INFO - Dependencies all met for dep_context=non-requeueable deps ti=<TaskInstance: create_table_postgres_dag.create_tables_raw_products manual__2025-02-13T04:24:17.524296+00:00 [queued]>
[2025-02-13T04:24:21.210+0000] {taskinstance.py:2614} INFO - Dependencies all met for dep_context=requeueable deps ti=<TaskInstance: create_table_postgres_dag.create_tables_raw_products manual__2025-02-13T04:24:17.524296+00:00 [queued]>
[2025-02-13T04:24:21.211+0000] {taskinstance.py:2867} INFO - Starting attempt 1 of 1
[2025-02-13T04:24:21.228+0000] {taskinstance.py:2890} INFO - Executing <Task(PythonOperator): create_tables_raw_products> on 2025-02-13 04:24:17.524296+00:00
[2025-02-13T04:24:21.240+0000] {logging_mixin.py:190} WARNING - /home/airflow/.local/lib/python3.12/site-packages/airflow/task/task_runner/standard_task_runner.py:70 DeprecationWarning: This process (pid=261) is multi-threaded, use of fork() may lead to deadlocks in the child.
[2025-02-13T04:24:21.241+0000] {standard_task_runner.py:72} INFO - Started process 271 to run task
[2025-02-13T04:24:21.240+0000] {standard_task_runner.py:104} INFO - Running: ['airflow', 'tasks', 'run', 'create_table_***_dag', 'create_tables_raw_products', 'manual__2025-02-13T04:24:17.524296+00:00', '--job-id', '10', '--raw', '--subdir', 'DAGS_FOLDER/create_table_***_dag.py', '--cfg-path', '/tmp/tmpnyqrc76b']
[2025-02-13T04:24:21.243+0000] {standard_task_runner.py:105} INFO - Job 10: Subtask create_tables_raw_products
[2025-02-13T04:24:21.261+0000] {logging_mixin.py:190} WARNING - /home/airflow/.local/lib/python3.12/site-packages/airflow/settings.py:209 DeprecationWarning: The sql_alchemy_conn option in [core] has been moved to the sql_alchemy_conn option in [database] - the old setting has been used, but please update your config.
[2025-02-13T04:24:21.298+0000] {task_command.py:467} INFO - Running <TaskInstance: create_table_postgres_dag.create_tables_raw_products manual__2025-02-13T04:24:17.524296+00:00 [running]> on host 89bb8c6379b5
[2025-02-13T04:24:21.606+0000] {logging_mixin.py:190} WARNING - /home/airflow/.local/lib/python3.12/site-packages/airflow/utils/log/secrets_masker.py:84 DeprecationWarning: The sensitive_variable_fields option in [admin] has been moved to the sensitive_var_conn_names option in [core] - the old setting has been used, but please update your config.
[2025-02-13T04:24:21.641+0000] {taskinstance.py:3134} INFO - Exporting env vars: AIRFLOW_CTX_DAG_OWNER='airflow' AIRFLOW_CTX_DAG_ID='create_table_***_dag' AIRFLOW_CTX_TASK_ID='create_tables_raw_products' AIRFLOW_CTX_EXECUTION_DATE='2025-02-13T04:24:17.524296+00:00' AIRFLOW_CTX_TRY_NUMBER='1' AIRFLOW_CTX_DAG_RUN_ID='manual__2025-02-13T04:24:17.524296+00:00'
[2025-02-13T04:24:21.643+0000] {taskinstance.py:732} INFO - ::endgroup::
[2025-02-13T04:24:21.711+0000] {python.py:240} INFO - Done. Returned value was: None
[2025-02-13T04:24:21.721+0000] {taskinstance.py:341} INFO - ::group::Post task execution logs
[2025-02-13T04:24:21.722+0000] {taskinstance.py:353} INFO - Marking task as SUCCESS. dag_id=create_table_***_dag, task_id=create_tables_raw_products, run_id=manual__2025-02-13T04:24:17.524296+00:00, execution_date=20250213T042417, start_date=20250213T042421, end_date=20250213T042421
[2025-02-13T04:24:21.778+0000] {local_task_job_runner.py:266} INFO - Task exited with return code 0
[2025-02-13T04:24:21.805+0000] {taskinstance.py:3901} INFO - 0 downstream tasks scheduled from follow-on schedule check
[2025-02-13T04:24:21.807+0000] {local_task_job_runner.py:245} INFO - ::endgroup::
