[2025-02-13T01:15:00.379+0000] {local_task_job_runner.py:123} INFO - ::group::Pre task execution logs
[2025-02-13T01:15:00.419+0000] {taskinstance.py:2614} INFO - Dependencies all met for dep_context=non-requeueable deps ti=<TaskInstance: create_table_postgres_dag.create_tables_raw_orders scheduled__2025-02-12T00:00:00+00:00 [queued]>
[2025-02-13T01:15:00.438+0000] {taskinstance.py:2614} INFO - Dependencies all met for dep_context=requeueable deps ti=<TaskInstance: create_table_postgres_dag.create_tables_raw_orders scheduled__2025-02-12T00:00:00+00:00 [queued]>
[2025-02-13T01:15:00.439+0000] {taskinstance.py:2867} INFO - Starting attempt 1 of 1
[2025-02-13T01:15:00.461+0000] {taskinstance.py:2890} INFO - Executing <Task(PythonOperator): create_tables_raw_orders> on 2025-02-12 00:00:00+00:00
[2025-02-13T01:15:00.478+0000] {logging_mixin.py:190} WARNING - /home/airflow/.local/lib/python3.12/site-packages/airflow/task/task_runner/standard_task_runner.py:70 DeprecationWarning: This process (pid=2130) is multi-threaded, use of fork() may lead to deadlocks in the child.
[2025-02-13T01:15:00.480+0000] {standard_task_runner.py:72} INFO - Started process 2139 to run task
[2025-02-13T01:15:00.477+0000] {standard_task_runner.py:104} INFO - Running: ['airflow', 'tasks', 'run', 'create_table_***_dag', 'create_tables_raw_orders', 'scheduled__2025-02-12T00:00:00+00:00', '--job-id', '25', '--raw', '--subdir', 'DAGS_FOLDER/create_table_***_dag.py', '--cfg-path', '/tmp/tmpqas26x7t']
[2025-02-13T01:15:00.482+0000] {standard_task_runner.py:105} INFO - Job 25: Subtask create_tables_raw_orders
[2025-02-13T01:15:00.510+0000] {logging_mixin.py:190} WARNING - /home/airflow/.local/lib/python3.12/site-packages/airflow/settings.py:209 DeprecationWarning: The sql_alchemy_conn option in [core] has been moved to the sql_alchemy_conn option in [database] - the old setting has been used, but please update your config.
[2025-02-13T01:15:00.587+0000] {task_command.py:467} INFO - Running <TaskInstance: create_table_postgres_dag.create_tables_raw_orders scheduled__2025-02-12T00:00:00+00:00 [running]> on host 9718839f2a7d
[2025-02-13T01:15:00.591+0000] {logging_mixin.py:190} WARNING - /home/airflow/.local/lib/python3.12/site-packages/airflow/settings.py:470 DeprecationWarning: The sql_alchemy_conn option in [core] has been moved to the sql_alchemy_conn option in [database] - the old setting has been used, but please update your config.
[2025-02-13T01:15:00.599+0000] {logging_mixin.py:190} WARNING - /home/airflow/.local/lib/python3.12/site-packages/airflow/settings.py:605 DeprecationWarning: The sql_engine_encoding option in [core] has been moved to the sql_engine_encoding option in [database] - the old setting has been used, but please update your config.
[2025-02-13T01:15:01.098+0000] {logging_mixin.py:190} WARNING - /home/airflow/.local/lib/python3.12/site-packages/airflow/utils/log/secrets_masker.py:84 DeprecationWarning: The sensitive_variable_fields option in [admin] has been moved to the sensitive_var_conn_names option in [core] - the old setting has been used, but please update your config.
[2025-02-13T01:15:01.171+0000] {taskinstance.py:3134} INFO - Exporting env vars: AIRFLOW_CTX_DAG_OWNER='airflow' AIRFLOW_CTX_DAG_ID='create_table_***_dag' AIRFLOW_CTX_TASK_ID='create_tables_raw_orders' AIRFLOW_CTX_EXECUTION_DATE='2025-02-12T00:00:00+00:00' AIRFLOW_CTX_TRY_NUMBER='1' AIRFLOW_CTX_DAG_RUN_ID='scheduled__2025-02-12T00:00:00+00:00'
[2025-02-13T01:15:01.175+0000] {taskinstance.py:732} INFO - ::endgroup::
[2025-02-13T01:15:01.271+0000] {python.py:240} INFO - Done. Returned value was: None
[2025-02-13T01:15:01.285+0000] {taskinstance.py:341} INFO - ::group::Post task execution logs
[2025-02-13T01:15:01.286+0000] {taskinstance.py:353} INFO - Marking task as SUCCESS. dag_id=create_table_***_dag, task_id=create_tables_raw_orders, run_id=scheduled__2025-02-12T00:00:00+00:00, execution_date=20250212T000000, start_date=20250213T011500, end_date=20250213T011501
[2025-02-13T01:15:01.380+0000] {local_task_job_runner.py:266} INFO - Task exited with return code 0
[2025-02-13T01:15:01.393+0000] {local_task_job_runner.py:245} INFO - ::endgroup::
[2025-02-13T03:53:08.619+0000] {local_task_job_runner.py:123} INFO - ::group::Pre task execution logs
[2025-02-13T03:53:08.645+0000] {taskinstance.py:2614} INFO - Dependencies all met for dep_context=non-requeueable deps ti=<TaskInstance: create_table_postgres_dag.create_tables_raw_orders scheduled__2025-02-12T00:00:00+00:00 [queued]>
[2025-02-13T03:53:08.655+0000] {taskinstance.py:2614} INFO - Dependencies all met for dep_context=requeueable deps ti=<TaskInstance: create_table_postgres_dag.create_tables_raw_orders scheduled__2025-02-12T00:00:00+00:00 [queued]>
[2025-02-13T03:53:08.656+0000] {taskinstance.py:2867} INFO - Starting attempt 1 of 1
[2025-02-13T03:53:08.669+0000] {taskinstance.py:2890} INFO - Executing <Task(PythonOperator): create_tables_raw_orders> on 2025-02-12 00:00:00+00:00
[2025-02-13T03:53:08.679+0000] {logging_mixin.py:190} WARNING - /home/airflow/.local/lib/python3.12/site-packages/airflow/task/task_runner/standard_task_runner.py:70 DeprecationWarning: This process (pid=942) is multi-threaded, use of fork() may lead to deadlocks in the child.
[2025-02-13T03:53:08.680+0000] {standard_task_runner.py:72} INFO - Started process 948 to run task
[2025-02-13T03:53:08.679+0000] {standard_task_runner.py:104} INFO - Running: ['airflow', 'tasks', 'run', 'create_table_***_dag', 'create_tables_raw_orders', 'scheduled__2025-02-12T00:00:00+00:00', '--job-id', '4', '--raw', '--subdir', 'DAGS_FOLDER/create_table_***_dag.py', '--cfg-path', '/tmp/tmpkr_nbxgt']
[2025-02-13T03:53:08.682+0000] {standard_task_runner.py:105} INFO - Job 4: Subtask create_tables_raw_orders
[2025-02-13T03:53:08.700+0000] {logging_mixin.py:190} WARNING - /home/airflow/.local/lib/python3.12/site-packages/airflow/settings.py:209 DeprecationWarning: The sql_alchemy_conn option in [core] has been moved to the sql_alchemy_conn option in [database] - the old setting has been used, but please update your config.
[2025-02-13T03:53:08.741+0000] {task_command.py:467} INFO - Running <TaskInstance: create_table_postgres_dag.create_tables_raw_orders scheduled__2025-02-12T00:00:00+00:00 [running]> on host 1202205ac05f
[2025-02-13T03:53:08.743+0000] {logging_mixin.py:190} WARNING - /home/airflow/.local/lib/python3.12/site-packages/airflow/settings.py:470 DeprecationWarning: The sql_alchemy_conn option in [core] has been moved to the sql_alchemy_conn option in [database] - the old setting has been used, but please update your config.
[2025-02-13T03:53:08.747+0000] {logging_mixin.py:190} WARNING - /home/airflow/.local/lib/python3.12/site-packages/airflow/settings.py:605 DeprecationWarning: The sql_engine_encoding option in [core] has been moved to the sql_engine_encoding option in [database] - the old setting has been used, but please update your config.
[2025-02-13T03:53:09.054+0000] {logging_mixin.py:190} WARNING - /home/airflow/.local/lib/python3.12/site-packages/airflow/utils/log/secrets_masker.py:84 DeprecationWarning: The sensitive_variable_fields option in [admin] has been moved to the sensitive_var_conn_names option in [core] - the old setting has been used, but please update your config.
[2025-02-13T03:53:09.090+0000] {taskinstance.py:3134} INFO - Exporting env vars: AIRFLOW_CTX_DAG_OWNER='airflow' AIRFLOW_CTX_DAG_ID='create_table_***_dag' AIRFLOW_CTX_TASK_ID='create_tables_raw_orders' AIRFLOW_CTX_EXECUTION_DATE='2025-02-12T00:00:00+00:00' AIRFLOW_CTX_TRY_NUMBER='1' AIRFLOW_CTX_DAG_RUN_ID='scheduled__2025-02-12T00:00:00+00:00'
[2025-02-13T03:53:09.091+0000] {taskinstance.py:732} INFO - ::endgroup::
[2025-02-13T03:53:09.152+0000] {python.py:240} INFO - Done. Returned value was: None
[2025-02-13T03:53:09.166+0000] {taskinstance.py:341} INFO - ::group::Post task execution logs
[2025-02-13T03:53:09.167+0000] {taskinstance.py:353} INFO - Marking task as SUCCESS. dag_id=create_table_***_dag, task_id=create_tables_raw_orders, run_id=scheduled__2025-02-12T00:00:00+00:00, execution_date=20250212T000000, start_date=20250213T035308, end_date=20250213T035309
[2025-02-13T03:53:09.218+0000] {local_task_job_runner.py:266} INFO - Task exited with return code 0
[2025-02-13T03:53:09.227+0000] {local_task_job_runner.py:245} INFO - ::endgroup::
[2025-02-13T04:24:13.029+0000] {local_task_job_runner.py:123} INFO - ::group::Pre task execution logs
[2025-02-13T04:24:13.055+0000] {taskinstance.py:2614} INFO - Dependencies all met for dep_context=non-requeueable deps ti=<TaskInstance: create_table_postgres_dag.create_tables_raw_orders scheduled__2025-02-12T00:00:00+00:00 [queued]>
[2025-02-13T04:24:13.068+0000] {taskinstance.py:2614} INFO - Dependencies all met for dep_context=requeueable deps ti=<TaskInstance: create_table_postgres_dag.create_tables_raw_orders scheduled__2025-02-12T00:00:00+00:00 [queued]>
[2025-02-13T04:24:13.069+0000] {taskinstance.py:2867} INFO - Starting attempt 1 of 1
[2025-02-13T04:24:13.083+0000] {taskinstance.py:2890} INFO - Executing <Task(PythonOperator): create_tables_raw_orders> on 2025-02-12 00:00:00+00:00
[2025-02-13T04:24:13.095+0000] {logging_mixin.py:190} WARNING - /home/airflow/.local/lib/python3.12/site-packages/airflow/task/task_runner/standard_task_runner.py:70 DeprecationWarning: This process (pid=235) is multi-threaded, use of fork() may lead to deadlocks in the child.
[2025-02-13T04:24:13.097+0000] {standard_task_runner.py:72} INFO - Started process 241 to run task
[2025-02-13T04:24:13.095+0000] {standard_task_runner.py:104} INFO - Running: ['airflow', 'tasks', 'run', 'create_table_***_dag', 'create_tables_raw_orders', 'scheduled__2025-02-12T00:00:00+00:00', '--job-id', '4', '--raw', '--subdir', 'DAGS_FOLDER/create_table_***_dag.py', '--cfg-path', '/tmp/tmp7xeo0je8']
[2025-02-13T04:24:13.099+0000] {standard_task_runner.py:105} INFO - Job 4: Subtask create_tables_raw_orders
[2025-02-13T04:24:13.120+0000] {logging_mixin.py:190} WARNING - /home/airflow/.local/lib/python3.12/site-packages/airflow/settings.py:209 DeprecationWarning: The sql_alchemy_conn option in [core] has been moved to the sql_alchemy_conn option in [database] - the old setting has been used, but please update your config.
[2025-02-13T04:24:13.189+0000] {task_command.py:467} INFO - Running <TaskInstance: create_table_postgres_dag.create_tables_raw_orders scheduled__2025-02-12T00:00:00+00:00 [running]> on host 89bb8c6379b5
[2025-02-13T04:24:13.192+0000] {logging_mixin.py:190} WARNING - /home/airflow/.local/lib/python3.12/site-packages/airflow/settings.py:470 DeprecationWarning: The sql_alchemy_conn option in [core] has been moved to the sql_alchemy_conn option in [database] - the old setting has been used, but please update your config.
[2025-02-13T04:24:13.196+0000] {logging_mixin.py:190} WARNING - /home/airflow/.local/lib/python3.12/site-packages/airflow/settings.py:605 DeprecationWarning: The sql_engine_encoding option in [core] has been moved to the sql_engine_encoding option in [database] - the old setting has been used, but please update your config.
[2025-02-13T04:24:13.514+0000] {logging_mixin.py:190} WARNING - /home/airflow/.local/lib/python3.12/site-packages/airflow/utils/log/secrets_masker.py:84 DeprecationWarning: The sensitive_variable_fields option in [admin] has been moved to the sensitive_var_conn_names option in [core] - the old setting has been used, but please update your config.
[2025-02-13T04:24:13.546+0000] {taskinstance.py:3134} INFO - Exporting env vars: AIRFLOW_CTX_DAG_OWNER='airflow' AIRFLOW_CTX_DAG_ID='create_table_***_dag' AIRFLOW_CTX_TASK_ID='create_tables_raw_orders' AIRFLOW_CTX_EXECUTION_DATE='2025-02-12T00:00:00+00:00' AIRFLOW_CTX_TRY_NUMBER='1' AIRFLOW_CTX_DAG_RUN_ID='scheduled__2025-02-12T00:00:00+00:00'
[2025-02-13T04:24:13.548+0000] {taskinstance.py:732} INFO - ::endgroup::
[2025-02-13T04:24:13.594+0000] {python.py:240} INFO - Done. Returned value was: None
[2025-02-13T04:24:13.603+0000] {taskinstance.py:341} INFO - ::group::Post task execution logs
[2025-02-13T04:24:13.604+0000] {taskinstance.py:353} INFO - Marking task as SUCCESS. dag_id=create_table_***_dag, task_id=create_tables_raw_orders, run_id=scheduled__2025-02-12T00:00:00+00:00, execution_date=20250212T000000, start_date=20250213T042413, end_date=20250213T042413
[2025-02-13T04:24:13.674+0000] {local_task_job_runner.py:266} INFO - Task exited with return code 0
[2025-02-13T04:24:13.687+0000] {local_task_job_runner.py:245} INFO - ::endgroup::
