[2025-02-12T21:09:47.827+0000] {local_task_job_runner.py:123} INFO - ::group::Pre task execution logs
[2025-02-12T21:09:47.849+0000] {taskinstance.py:2614} INFO - Dependencies all met for dep_context=non-requeueable deps ti=<TaskInstance: create_table_postgres_dag.create_tables_raw_order_items manual__2025-02-12T21:09:44.909612+00:00 [queued]>
[2025-02-12T21:09:47.860+0000] {taskinstance.py:2614} INFO - Dependencies all met for dep_context=requeueable deps ti=<TaskInstance: create_table_postgres_dag.create_tables_raw_order_items manual__2025-02-12T21:09:44.909612+00:00 [queued]>
[2025-02-12T21:09:47.860+0000] {taskinstance.py:2867} INFO - Starting attempt 1 of 1
[2025-02-12T21:09:47.877+0000] {taskinstance.py:2890} INFO - Executing <Task(PythonOperator): create_tables_raw_order_items> on 2025-02-12 21:09:44.909612+00:00
[2025-02-12T21:09:47.897+0000] {logging_mixin.py:190} WARNING - /home/airflow/.local/lib/python3.12/site-packages/airflow/task/task_runner/standard_task_runner.py:70 DeprecationWarning: This process (pid=2019) is multi-threaded, use of fork() may lead to deadlocks in the child.
[2025-02-12T21:09:47.898+0000] {standard_task_runner.py:72} INFO - Started process 2027 to run task
[2025-02-12T21:09:47.898+0000] {standard_task_runner.py:104} INFO - Running: ['airflow', 'tasks', 'run', 'create_table_***_dag', 'create_tables_raw_order_items', 'manual__2025-02-12T21:09:44.909612+00:00', '--job-id', '21', '--raw', '--subdir', 'DAGS_FOLDER/create_table_***_dag.py', '--cfg-path', '/tmp/tmpn5fjn0r5']
[2025-02-12T21:09:47.900+0000] {standard_task_runner.py:105} INFO - Job 21: Subtask create_tables_raw_order_items
[2025-02-12T21:09:47.927+0000] {logging_mixin.py:190} WARNING - /home/airflow/.local/lib/python3.12/site-packages/airflow/settings.py:209 DeprecationWarning: The sql_alchemy_conn option in [core] has been moved to the sql_alchemy_conn option in [database] - the old setting has been used, but please update your config.
[2025-02-12T21:09:47.983+0000] {task_command.py:467} INFO - Running <TaskInstance: create_table_postgres_dag.create_tables_raw_order_items manual__2025-02-12T21:09:44.909612+00:00 [running]> on host 9718839f2a7d
[2025-02-12T21:09:48.272+0000] {logging_mixin.py:190} WARNING - /home/airflow/.local/lib/python3.12/site-packages/airflow/utils/log/secrets_masker.py:84 DeprecationWarning: The sensitive_variable_fields option in [admin] has been moved to the sensitive_var_conn_names option in [core] - the old setting has been used, but please update your config.
[2025-02-12T21:09:48.304+0000] {taskinstance.py:3134} INFO - Exporting env vars: AIRFLOW_CTX_DAG_OWNER='airflow' AIRFLOW_CTX_DAG_ID='create_table_***_dag' AIRFLOW_CTX_TASK_ID='create_tables_raw_order_items' AIRFLOW_CTX_EXECUTION_DATE='2025-02-12T21:09:44.909612+00:00' AIRFLOW_CTX_TRY_NUMBER='1' AIRFLOW_CTX_DAG_RUN_ID='manual__2025-02-12T21:09:44.909612+00:00'
[2025-02-12T21:09:48.305+0000] {taskinstance.py:732} INFO - ::endgroup::
[2025-02-12T21:09:48.366+0000] {python.py:240} INFO - Done. Returned value was: None
[2025-02-12T21:09:48.380+0000] {taskinstance.py:341} INFO - ::group::Post task execution logs
[2025-02-12T21:09:48.381+0000] {taskinstance.py:353} INFO - Marking task as SUCCESS. dag_id=create_table_***_dag, task_id=create_tables_raw_order_items, run_id=manual__2025-02-12T21:09:44.909612+00:00, execution_date=20250212T210944, start_date=20250212T210947, end_date=20250212T210948
[2025-02-12T21:09:48.437+0000] {local_task_job_runner.py:266} INFO - Task exited with return code 0
[2025-02-12T21:09:48.456+0000] {taskinstance.py:3901} INFO - 0 downstream tasks scheduled from follow-on schedule check
[2025-02-12T21:09:48.458+0000] {local_task_job_runner.py:245} INFO - ::endgroup::
