[2025-02-13T08:00:55.522+0000] {local_task_job_runner.py:123} INFO - ::group::Pre task execution logs
[2025-02-13T08:00:55.544+0000] {taskinstance.py:2614} INFO - Dependencies all met for dep_context=non-requeueable deps ti=<TaskInstance: transform_data_dag.dbt_run manual__2025-02-13T08:00:47.577835+00:00 [queued]>
[2025-02-13T08:00:55.555+0000] {taskinstance.py:2614} INFO - Dependencies all met for dep_context=requeueable deps ti=<TaskInstance: transform_data_dag.dbt_run manual__2025-02-13T08:00:47.577835+00:00 [queued]>
[2025-02-13T08:00:55.556+0000] {taskinstance.py:2867} INFO - Starting attempt 1 of 1
[2025-02-13T08:00:55.571+0000] {taskinstance.py:2890} INFO - Executing <Task(BashOperator): dbt_run> on 2025-02-13 08:00:47.577835+00:00
[2025-02-13T08:00:55.578+0000] {logging_mixin.py:190} WARNING - /home/airflow/.local/lib/python3.12/site-packages/airflow/task/task_runner/standard_task_runner.py:70 DeprecationWarning: This process (pid=5386) is multi-threaded, use of fork() may lead to deadlocks in the child.
[2025-02-13T08:00:55.579+0000] {standard_task_runner.py:72} INFO - Started process 5387 to run task
[2025-02-13T08:00:55.578+0000] {standard_task_runner.py:104} INFO - Running: ['airflow', 'tasks', 'run', 'transform_data_dag', 'dbt_run', 'manual__2025-02-13T08:00:47.577835+00:00', '--job-id', '61', '--raw', '--subdir', 'DAGS_FOLDER/transform_data_dag.py', '--cfg-path', '/tmp/tmp80byc39q']
[2025-02-13T08:00:55.580+0000] {standard_task_runner.py:105} INFO - Job 61: Subtask dbt_run
[2025-02-13T08:00:55.599+0000] {logging_mixin.py:190} WARNING - /home/airflow/.local/lib/python3.12/site-packages/airflow/settings.py:209 DeprecationWarning: The sql_alchemy_conn option in [core] has been moved to the sql_alchemy_conn option in [database] - the old setting has been used, but please update your config.
[2025-02-13T08:00:55.631+0000] {task_command.py:467} INFO - Running <TaskInstance: transform_data_dag.dbt_run manual__2025-02-13T08:00:47.577835+00:00 [running]> on host 89bb8c6379b5
[2025-02-13T08:00:55.691+0000] {logging_mixin.py:190} WARNING - /home/airflow/.local/lib/python3.12/site-packages/airflow/utils/log/secrets_masker.py:84 DeprecationWarning: The sensitive_variable_fields option in [admin] has been moved to the sensitive_var_conn_names option in [core] - the old setting has been used, but please update your config.
[2025-02-13T08:00:55.723+0000] {taskinstance.py:3134} INFO - Exporting env vars: AIRFLOW_CTX_DAG_OWNER='airflow' AIRFLOW_CTX_DAG_ID='transform_data_dag' AIRFLOW_CTX_TASK_ID='dbt_run' AIRFLOW_CTX_EXECUTION_DATE='2025-02-13T08:00:47.577835+00:00' AIRFLOW_CTX_TRY_NUMBER='1' AIRFLOW_CTX_DAG_RUN_ID='manual__2025-02-13T08:00:47.577835+00:00'
[2025-02-13T08:00:55.724+0000] {taskinstance.py:732} INFO - ::endgroup::
[2025-02-13T08:00:55.741+0000] {subprocess.py:78} INFO - Tmp dir root location: /tmp
[2025-02-13T08:00:55.743+0000] {subprocess.py:88} INFO - Running command: ['/usr/bin/bash', '-c', 'cd /opt/airflow/dags/dbt/***_project && dbt run']
[2025-02-13T08:00:55.751+0000] {subprocess.py:99} INFO - Output:
[2025-02-13T08:00:58.092+0000] {subprocess.py:106} INFO - [0m08:00:58  Running with dbt=1.8.7
[2025-02-13T08:00:58.414+0000] {subprocess.py:106} INFO - [0m08:00:58  Registered adapter: ***=1.9.0
[2025-02-13T08:00:59.192+0000] {subprocess.py:106} INFO - [0m08:00:59  Found 6 models, 2 data tests, 3 sources, 429 macros
[2025-02-13T08:00:59.196+0000] {subprocess.py:106} INFO - [0m08:00:59
[2025-02-13T08:00:59.323+0000] {subprocess.py:106} INFO - [0m08:00:59  Concurrency: 1 threads (target='dev')
[2025-02-13T08:00:59.323+0000] {subprocess.py:106} INFO - [0m08:00:59
[2025-02-13T08:00:59.400+0000] {subprocess.py:106} INFO - [0m08:00:59  1 of 3 START sql incremental model model.order_items ........................... [RUN]
[2025-02-13T08:00:59.656+0000] {subprocess.py:106} INFO - [0m08:00:59  1 of 3 OK created sql incremental model model.order_items ...................... [[32mINSERT 0 0[0m in 0.25s]
[2025-02-13T08:00:59.659+0000] {subprocess.py:106} INFO - [0m08:00:59  2 of 3 START sql incremental model model.orders ................................ [RUN]
[2025-02-13T08:00:59.770+0000] {subprocess.py:106} INFO - [0m08:00:59  2 of 3 OK created sql incremental model model.orders ........................... [[32mINSERT 0 0[0m in 0.11s]
[2025-02-13T08:00:59.774+0000] {subprocess.py:106} INFO - [0m08:00:59  3 of 3 START sql incremental model model.products .............................. [RUN]
[2025-02-13T08:00:59.890+0000] {subprocess.py:106} INFO - [0m08:00:59  3 of 3 OK created sql incremental model model.products ......................... [[32mINSERT 0 0[0m in 0.11s]
[2025-02-13T08:00:59.908+0000] {subprocess.py:106} INFO - [0m08:00:59
[2025-02-13T08:00:59.909+0000] {subprocess.py:106} INFO - [0m08:00:59  Finished running 3 incremental models in 0 hours 0 minutes and 0.71 seconds (0.71s).
[2025-02-13T08:00:59.987+0000] {subprocess.py:106} INFO - [0m08:00:59
[2025-02-13T08:00:59.989+0000] {subprocess.py:106} INFO - [0m08:00:59  [32mCompleted successfully[0m
[2025-02-13T08:00:59.990+0000] {subprocess.py:106} INFO - [0m08:00:59
[2025-02-13T08:00:59.991+0000] {subprocess.py:106} INFO - [0m08:00:59  Done. PASS=3 WARN=0 ERROR=0 SKIP=0 TOTAL=3
[2025-02-13T08:01:00.819+0000] {subprocess.py:110} INFO - Command exited with return code 0
[2025-02-13T08:01:00.851+0000] {taskinstance.py:341} INFO - ::group::Post task execution logs
[2025-02-13T08:01:00.852+0000] {taskinstance.py:353} INFO - Marking task as SUCCESS. dag_id=transform_data_dag, task_id=dbt_run, run_id=manual__2025-02-13T08:00:47.577835+00:00, execution_date=20250213T080047, start_date=20250213T080055, end_date=20250213T080100
[2025-02-13T08:01:00.919+0000] {local_task_job_runner.py:266} INFO - Task exited with return code 0
[2025-02-13T08:01:00.945+0000] {taskinstance.py:3901} INFO - 0 downstream tasks scheduled from follow-on schedule check
[2025-02-13T08:01:00.947+0000] {local_task_job_runner.py:245} INFO - ::endgroup::
