[2025-02-13T05:26:20.194+0000] {local_task_job_runner.py:123} INFO - ::group::Pre task execution logs
[2025-02-13T05:26:20.221+0000] {taskinstance.py:2614} INFO - Dependencies all met for dep_context=non-requeueable deps ti=<TaskInstance: transform_data_dag.dbt_run manual__2025-02-13T05:26:17.555617+00:00 [queued]>
[2025-02-13T05:26:20.235+0000] {taskinstance.py:2614} INFO - Dependencies all met for dep_context=requeueable deps ti=<TaskInstance: transform_data_dag.dbt_run manual__2025-02-13T05:26:17.555617+00:00 [queued]>
[2025-02-13T05:26:20.236+0000] {taskinstance.py:2867} INFO - Starting attempt 1 of 1
[2025-02-13T05:26:20.255+0000] {taskinstance.py:2890} INFO - Executing <Task(BashOperator): dbt_run> on 2025-02-13 05:26:17.555617+00:00
[2025-02-13T05:26:20.262+0000] {logging_mixin.py:190} WARNING - /home/airflow/.local/lib/python3.12/site-packages/airflow/task/task_runner/standard_task_runner.py:70 DeprecationWarning: This process (pid=1650) is multi-threaded, use of fork() may lead to deadlocks in the child.
[2025-02-13T05:26:20.263+0000] {standard_task_runner.py:72} INFO - Started process 1656 to run task
[2025-02-13T05:26:20.262+0000] {standard_task_runner.py:104} INFO - Running: ['airflow', 'tasks', 'run', 'transform_data_dag', 'dbt_run', 'manual__2025-02-13T05:26:17.555617+00:00', '--job-id', '14', '--raw', '--subdir', 'DAGS_FOLDER/transform_data_dag.py', '--cfg-path', '/tmp/tmpww7ig7k3']
[2025-02-13T05:26:20.264+0000] {standard_task_runner.py:105} INFO - Job 14: Subtask dbt_run
[2025-02-13T05:26:20.284+0000] {logging_mixin.py:190} WARNING - /home/airflow/.local/lib/python3.12/site-packages/airflow/settings.py:209 DeprecationWarning: The sql_alchemy_conn option in [core] has been moved to the sql_alchemy_conn option in [database] - the old setting has been used, but please update your config.
[2025-02-13T05:26:20.322+0000] {task_command.py:467} INFO - Running <TaskInstance: transform_data_dag.dbt_run manual__2025-02-13T05:26:17.555617+00:00 [running]> on host 89bb8c6379b5
[2025-02-13T05:26:20.392+0000] {logging_mixin.py:190} WARNING - /home/airflow/.local/lib/python3.12/site-packages/airflow/utils/log/secrets_masker.py:84 DeprecationWarning: The sensitive_variable_fields option in [admin] has been moved to the sensitive_var_conn_names option in [core] - the old setting has been used, but please update your config.
[2025-02-13T05:26:20.429+0000] {taskinstance.py:3134} INFO - Exporting env vars: AIRFLOW_CTX_DAG_OWNER='airflow' AIRFLOW_CTX_DAG_ID='transform_data_dag' AIRFLOW_CTX_TASK_ID='dbt_run' AIRFLOW_CTX_EXECUTION_DATE='2025-02-13T05:26:17.555617+00:00' AIRFLOW_CTX_TRY_NUMBER='1' AIRFLOW_CTX_DAG_RUN_ID='manual__2025-02-13T05:26:17.555617+00:00'
[2025-02-13T05:26:20.430+0000] {taskinstance.py:732} INFO - ::endgroup::
[2025-02-13T05:26:20.457+0000] {subprocess.py:78} INFO - Tmp dir root location: /tmp
[2025-02-13T05:26:20.459+0000] {subprocess.py:88} INFO - Running command: ['/usr/bin/bash', '-c', 'cd /opt/airflow/dags/dbt/***_project && dbt run']
[2025-02-13T05:26:20.471+0000] {subprocess.py:99} INFO - Output:
[2025-02-13T05:26:23.365+0000] {subprocess.py:106} INFO - [0m05:26:23  Running with dbt=1.8.7
[2025-02-13T05:26:23.798+0000] {subprocess.py:106} INFO - [0m05:26:23  Registered adapter: ***=1.9.0
[2025-02-13T05:26:24.705+0000] {subprocess.py:106} INFO - [0m05:26:24  Found 4 models, 429 macros
[2025-02-13T05:26:24.709+0000] {subprocess.py:106} INFO - [0m05:26:24
[2025-02-13T05:26:24.948+0000] {subprocess.py:106} INFO - [0m05:26:24  Concurrency: 1 threads (target='dev')
[2025-02-13T05:26:24.949+0000] {subprocess.py:106} INFO - [0m05:26:24
[2025-02-13T05:26:24.962+0000] {subprocess.py:106} INFO - [0m05:26:24  1 of 4 START sql view model raw.sources_order_items ............................ [RUN]
[2025-02-13T05:26:25.147+0000] {subprocess.py:106} INFO - [0m05:26:25  1 of 4 OK created sql view model raw.sources_order_items ....................... [[32mCREATE VIEW[0m in 0.18s]
[2025-02-13T05:26:25.151+0000] {subprocess.py:106} INFO - [0m05:26:25  2 of 4 START sql view model raw.sources_orders ................................. [RUN]
[2025-02-13T05:26:25.237+0000] {subprocess.py:106} INFO - [0m05:26:25  2 of 4 OK created sql view model raw.sources_orders ............................ [[32mCREATE VIEW[0m in 0.08s]
[2025-02-13T05:26:25.240+0000] {subprocess.py:106} INFO - [0m05:26:25  3 of 4 START sql view model raw.sources_products ............................... [RUN]
[2025-02-13T05:26:25.323+0000] {subprocess.py:106} INFO - [0m05:26:25  3 of 4 OK created sql view model raw.sources_products .......................... [[32mCREATE VIEW[0m in 0.08s]
[2025-02-13T05:26:25.327+0000] {subprocess.py:106} INFO - [0m05:26:25  4 of 4 START sql incremental model raw_model.products .......................... [RUN]
[2025-02-13T05:26:25.462+0000] {subprocess.py:106} INFO - [0m05:26:25  4 of 4 OK created sql incremental model raw_model.products ..................... [[32mSELECT 16[0m in 0.13s]
[2025-02-13T05:26:25.480+0000] {subprocess.py:106} INFO - [0m05:26:25
[2025-02-13T05:26:25.481+0000] {subprocess.py:106} INFO - [0m05:26:25  Finished running 3 view models, 1 incremental model in 0 hours 0 minutes and 0.77 seconds (0.77s).
[2025-02-13T05:26:25.553+0000] {subprocess.py:106} INFO - [0m05:26:25
[2025-02-13T05:26:25.554+0000] {subprocess.py:106} INFO - [0m05:26:25  [32mCompleted successfully[0m
[2025-02-13T05:26:25.555+0000] {subprocess.py:106} INFO - [0m05:26:25
[2025-02-13T05:26:25.556+0000] {subprocess.py:106} INFO - [0m05:26:25  Done. PASS=4 WARN=0 ERROR=0 SKIP=0 TOTAL=4
[2025-02-13T05:26:26.429+0000] {subprocess.py:110} INFO - Command exited with return code 0
[2025-02-13T05:26:26.454+0000] {taskinstance.py:341} INFO - ::group::Post task execution logs
[2025-02-13T05:26:26.455+0000] {taskinstance.py:353} INFO - Marking task as SUCCESS. dag_id=transform_data_dag, task_id=dbt_run, run_id=manual__2025-02-13T05:26:17.555617+00:00, execution_date=20250213T052617, start_date=20250213T052620, end_date=20250213T052626
[2025-02-13T05:26:26.514+0000] {local_task_job_runner.py:266} INFO - Task exited with return code 0
[2025-02-13T05:26:26.531+0000] {taskinstance.py:3901} INFO - 0 downstream tasks scheduled from follow-on schedule check
[2025-02-13T05:26:26.534+0000] {local_task_job_runner.py:245} INFO - ::endgroup::
