[2025-02-13T06:12:42.797+0000] {local_task_job_runner.py:123} INFO - ::group::Pre task execution logs
[2025-02-13T06:12:42.819+0000] {taskinstance.py:2614} INFO - Dependencies all met for dep_context=non-requeueable deps ti=<TaskInstance: transform_data_dag.dbt_run manual__2025-02-13T06:12:40.567021+00:00 [queued]>
[2025-02-13T06:12:42.830+0000] {taskinstance.py:2614} INFO - Dependencies all met for dep_context=requeueable deps ti=<TaskInstance: transform_data_dag.dbt_run manual__2025-02-13T06:12:40.567021+00:00 [queued]>
[2025-02-13T06:12:42.832+0000] {taskinstance.py:2867} INFO - Starting attempt 1 of 1
[2025-02-13T06:12:42.847+0000] {taskinstance.py:2890} INFO - Executing <Task(BashOperator): dbt_run> on 2025-02-13 06:12:40.567021+00:00
[2025-02-13T06:12:42.853+0000] {logging_mixin.py:190} WARNING - /home/airflow/.local/lib/python3.12/site-packages/airflow/task/task_runner/standard_task_runner.py:70 DeprecationWarning: This process (pid=2748) is multi-threaded, use of fork() may lead to deadlocks in the child.
[2025-02-13T06:12:42.855+0000] {standard_task_runner.py:72} INFO - Started process 2749 to run task
[2025-02-13T06:12:42.854+0000] {standard_task_runner.py:104} INFO - Running: ['airflow', 'tasks', 'run', 'transform_data_dag', 'dbt_run', 'manual__2025-02-13T06:12:40.567021+00:00', '--job-id', '30', '--raw', '--subdir', 'DAGS_FOLDER/transform_data_dag.py', '--cfg-path', '/tmp/tmp10fmf5ue']
[2025-02-13T06:12:42.856+0000] {standard_task_runner.py:105} INFO - Job 30: Subtask dbt_run
[2025-02-13T06:12:42.875+0000] {logging_mixin.py:190} WARNING - /home/airflow/.local/lib/python3.12/site-packages/airflow/settings.py:209 DeprecationWarning: The sql_alchemy_conn option in [core] has been moved to the sql_alchemy_conn option in [database] - the old setting has been used, but please update your config.
[2025-02-13T06:12:42.909+0000] {task_command.py:467} INFO - Running <TaskInstance: transform_data_dag.dbt_run manual__2025-02-13T06:12:40.567021+00:00 [running]> on host 89bb8c6379b5
[2025-02-13T06:12:42.975+0000] {logging_mixin.py:190} WARNING - /home/airflow/.local/lib/python3.12/site-packages/airflow/utils/log/secrets_masker.py:84 DeprecationWarning: The sensitive_variable_fields option in [admin] has been moved to the sensitive_var_conn_names option in [core] - the old setting has been used, but please update your config.
[2025-02-13T06:12:43.011+0000] {taskinstance.py:3134} INFO - Exporting env vars: AIRFLOW_CTX_DAG_OWNER='airflow' AIRFLOW_CTX_DAG_ID='transform_data_dag' AIRFLOW_CTX_TASK_ID='dbt_run' AIRFLOW_CTX_EXECUTION_DATE='2025-02-13T06:12:40.567021+00:00' AIRFLOW_CTX_TRY_NUMBER='1' AIRFLOW_CTX_DAG_RUN_ID='manual__2025-02-13T06:12:40.567021+00:00'
[2025-02-13T06:12:43.012+0000] {taskinstance.py:732} INFO - ::endgroup::
[2025-02-13T06:12:43.030+0000] {subprocess.py:78} INFO - Tmp dir root location: /tmp
[2025-02-13T06:12:43.032+0000] {subprocess.py:88} INFO - Running command: ['/usr/bin/bash', '-c', 'cd /opt/airflow/dags/dbt/***_project && dbt run']
[2025-02-13T06:12:43.041+0000] {subprocess.py:99} INFO - Output:
[2025-02-13T06:12:45.471+0000] {subprocess.py:106} INFO - [0m06:12:45  Running with dbt=1.8.7
[2025-02-13T06:12:45.798+0000] {subprocess.py:106} INFO - [0m06:12:45  Registered adapter: ***=1.9.0
[2025-02-13T06:12:46.025+0000] {subprocess.py:106} INFO - [0m06:12:46  Unable to do partial parsing because a project config has changed
[2025-02-13T06:12:47.764+0000] {subprocess.py:106} INFO - [0m06:12:47  Found 4 models, 429 macros
[2025-02-13T06:12:47.769+0000] {subprocess.py:106} INFO - [0m06:12:47
[2025-02-13T06:12:47.930+0000] {subprocess.py:106} INFO - [0m06:12:47  Concurrency: 1 threads (target='dev')
[2025-02-13T06:12:47.931+0000] {subprocess.py:106} INFO - [0m06:12:47
[2025-02-13T06:12:48.003+0000] {subprocess.py:106} INFO - [0m06:12:48  1 of 1 START sql incremental model raw_model.products .......................... [RUN]
[2025-02-13T06:12:48.237+0000] {subprocess.py:106} INFO - [0m06:12:48  1 of 1 OK created sql incremental model raw_model.products ..................... [[32mSELECT 16[0m in 0.23s]
[2025-02-13T06:12:48.255+0000] {subprocess.py:106} INFO - [0m06:12:48
[2025-02-13T06:12:48.256+0000] {subprocess.py:106} INFO - [0m06:12:48  Finished running 1 incremental model in 0 hours 0 minutes and 0.49 seconds (0.49s).
[2025-02-13T06:12:48.328+0000] {subprocess.py:106} INFO - [0m06:12:48
[2025-02-13T06:12:48.329+0000] {subprocess.py:106} INFO - [0m06:12:48  [32mCompleted successfully[0m
[2025-02-13T06:12:48.330+0000] {subprocess.py:106} INFO - [0m06:12:48
[2025-02-13T06:12:48.330+0000] {subprocess.py:106} INFO - [0m06:12:48  Done. PASS=1 WARN=0 ERROR=0 SKIP=0 TOTAL=1
[2025-02-13T06:12:49.174+0000] {subprocess.py:110} INFO - Command exited with return code 0
[2025-02-13T06:12:49.204+0000] {taskinstance.py:341} INFO - ::group::Post task execution logs
[2025-02-13T06:12:49.205+0000] {taskinstance.py:353} INFO - Marking task as SUCCESS. dag_id=transform_data_dag, task_id=dbt_run, run_id=manual__2025-02-13T06:12:40.567021+00:00, execution_date=20250213T061240, start_date=20250213T061242, end_date=20250213T061249
[2025-02-13T06:12:49.269+0000] {local_task_job_runner.py:266} INFO - Task exited with return code 0
[2025-02-13T06:12:49.287+0000] {taskinstance.py:3901} INFO - 0 downstream tasks scheduled from follow-on schedule check
[2025-02-13T06:12:49.289+0000] {local_task_job_runner.py:245} INFO - ::endgroup::
