[2025-02-12T21:08:53.560+0000] {local_task_job_runner.py:123} INFO - ::group::Pre task execution logs
[2025-02-12T21:08:53.577+0000] {taskinstance.py:2614} INFO - Dependencies all met for dep_context=non-requeueable deps ti=<TaskInstance: create_table_postgres_dag.create_tables_model manual__2025-02-12T21:08:52.572815+00:00 [queued]>
[2025-02-12T21:08:53.587+0000] {taskinstance.py:2614} INFO - Dependencies all met for dep_context=requeueable deps ti=<TaskInstance: create_table_postgres_dag.create_tables_model manual__2025-02-12T21:08:52.572815+00:00 [queued]>
[2025-02-12T21:08:53.588+0000] {taskinstance.py:2867} INFO - Starting attempt 1 of 1
[2025-02-12T21:08:53.601+0000] {taskinstance.py:2890} INFO - Executing <Task(SQLExecuteQueryOperator): create_tables_model> on 2025-02-12 21:08:52.572815+00:00
[2025-02-12T21:08:53.610+0000] {logging_mixin.py:190} WARNING - /home/airflow/.local/lib/python3.12/site-packages/airflow/task/task_runner/standard_task_runner.py:70 DeprecationWarning: This process (pid=1973) is multi-threaded, use of fork() may lead to deadlocks in the child.
[2025-02-12T21:08:53.612+0000] {standard_task_runner.py:72} INFO - Started process 1975 to run task
[2025-02-12T21:08:53.611+0000] {standard_task_runner.py:104} INFO - Running: ['airflow', 'tasks', 'run', 'create_table_***_dag', 'create_tables_model', 'manual__2025-02-12T21:08:52.572815+00:00', '--job-id', '14', '--raw', '--subdir', 'DAGS_FOLDER/create_table_***_dag.py', '--cfg-path', '/tmp/tmpm0x255rt']
[2025-02-12T21:08:53.613+0000] {standard_task_runner.py:105} INFO - Job 14: Subtask create_tables_model
[2025-02-12T21:08:53.630+0000] {logging_mixin.py:190} WARNING - /home/airflow/.local/lib/python3.12/site-packages/airflow/settings.py:209 DeprecationWarning: The sql_alchemy_conn option in [core] has been moved to the sql_alchemy_conn option in [database] - the old setting has been used, but please update your config.
[2025-02-12T21:08:53.665+0000] {task_command.py:467} INFO - Running <TaskInstance: create_table_postgres_dag.create_tables_model manual__2025-02-12T21:08:52.572815+00:00 [running]> on host 9718839f2a7d
[2025-02-12T21:08:53.895+0000] {logging_mixin.py:190} WARNING - /home/airflow/.local/lib/python3.12/site-packages/airflow/utils/log/secrets_masker.py:84 DeprecationWarning: The sensitive_variable_fields option in [admin] has been moved to the sensitive_var_conn_names option in [core] - the old setting has been used, but please update your config.
[2025-02-12T21:08:53.927+0000] {taskinstance.py:3134} INFO - Exporting env vars: AIRFLOW_CTX_DAG_OWNER='airflow' AIRFLOW_CTX_DAG_ID='create_table_***_dag' AIRFLOW_CTX_TASK_ID='create_tables_model' AIRFLOW_CTX_EXECUTION_DATE='2025-02-12T21:08:52.572815+00:00' AIRFLOW_CTX_TRY_NUMBER='1' AIRFLOW_CTX_DAG_RUN_ID='manual__2025-02-12T21:08:52.572815+00:00'
[2025-02-12T21:08:53.929+0000] {taskinstance.py:732} INFO - ::endgroup::
[2025-02-12T21:08:53.942+0000] {sql.py:295} INFO - Executing: CREATE SCHEMA IF NOT EXISTS raw;
CREATE SCHEMA IF NOT EXISTS model;

CREATE TABLE IF NOT EXISTS model.products (
 product_id varchar(50) PRIMARY KEY,
 name varchar(50),
 category varchar(50),
 price float
);

CREATE TABLE IF NOT EXISTS model.orders (
order_id varchar(50) PRIMARY KEY,
customer_id varchar(50),
order_date date,
total_amount float
);

CREATE TABLE IF NOT EXISTS model.order_items (
order_item_id varchar(50) PRIMARY KEY,
order_id varchar(50),
product_id varchar(50),
quantity int,
price float,
CONSTRAINT fk_products
FOREIGN KEY(product_id)
REFERENCES data.products(product_id),
CONSTRAINT fk_orders
FOREIGN KEY(order_id)
REFERENCES data.orders(order_id)
);
[2025-02-12T21:08:53.952+0000] {base.py:84} INFO - Retrieving connection '***'
[2025-02-12T21:08:53.961+0000] {base.py:84} INFO - Retrieving connection '***'
[2025-02-12T21:08:53.965+0000] {sql.py:511} INFO - Running statement: CREATE SCHEMA IF NOT EXISTS raw;
CREATE SCHEMA IF NOT EXISTS model;

CREATE TABLE IF NOT EXISTS model.products (
 product_id varchar(50) PRIMARY KEY,
 name varchar(50),
 category varchar(50),
 price float
);

CREATE TABLE IF NOT EXISTS model.orders (
order_id varchar(50) PRIMARY KEY,
customer_id varchar(50),
order_date date,
total_amount float
);

CREATE TABLE IF NOT EXISTS model.order_items (
order_item_id varchar(50) PRIMARY KEY,
order_id varchar(50),
product_id varchar(50),
quantity int,
price float,
CONSTRAINT fk_products
FOREIGN KEY(product_id)
REFERENCES data.products(product_id),
CONSTRAINT fk_orders
FOREIGN KEY(order_id)
REFERENCES data.orders(order_id)
);, parameters: None
[2025-02-12T21:08:53.968+0000] {logging_mixin.py:190} WARNING - /home/airflow/.local/lib/python3.12/site-packages/airflow/providers/common/sql/hooks/sql.py:470 DeprecationWarning: Import of fetch_all_handler from the 'airflow.providers.common.sql.hooks' module is deprecated and will
be removed in the future. Please import it from 'airflow.providers.common.sql.hooks.handlers'.
[2025-02-12T21:08:53.970+0000] {logging_mixin.py:190} WARNING - /home/airflow/.local/lib/python3.12/site-packages/airflow/providers/common/sql/hooks/sql.py:471 DeprecationWarning: Import of return_single_query_results from the 'airflow.providers.common.sql.hooks' module is deprecated and will
be removed in the future. Please import it from 'airflow.providers.common.sql.hooks.handlers'.
[2025-02-12T21:08:53.971+0000] {logging_mixin.py:190} WARNING - /home/airflow/.local/lib/python3.12/site-packages/airflow/providers/common/sql/hooks/sql.py:486 DeprecationWarning: Import of return_single_query_results from the 'airflow.providers.common.sql.hooks' module is deprecated and will
be removed in the future. Please import it from 'airflow.providers.common.sql.hooks.handlers'.
[2025-02-12T21:08:53.973+0000] {logging_mixin.py:190} WARNING - /home/airflow/.local/lib/python3.12/site-packages/airflow/providers/common/sql/operators/sql.py:311 DeprecationWarning: Import of return_single_query_results from the 'airflow.providers.common.sql.hooks' module is deprecated and will
be removed in the future. Please import it from 'airflow.providers.common.sql.hooks.handlers'.
[2025-02-12T21:08:53.982+0000] {taskinstance.py:341} INFO - ::group::Post task execution logs
[2025-02-12T21:08:53.983+0000] {taskinstance.py:353} INFO - Marking task as SUCCESS. dag_id=create_table_***_dag, task_id=create_tables_model, run_id=manual__2025-02-12T21:08:52.572815+00:00, execution_date=20250212T210852, start_date=20250212T210853, end_date=20250212T210853
[2025-02-12T21:08:54.029+0000] {local_task_job_runner.py:266} INFO - Task exited with return code 0
[2025-02-12T21:08:54.058+0000] {taskinstance.py:3901} INFO - 3 downstream tasks scheduled from follow-on schedule check
[2025-02-12T21:08:54.061+0000] {local_task_job_runner.py:245} INFO - ::endgroup::
