[2025-02-13T01:15:00.319+0000] {local_task_job_runner.py:123} INFO - ::group::Pre task execution logs
[2025-02-13T01:15:00.358+0000] {taskinstance.py:2614} INFO - Dependencies all met for dep_context=non-requeueable deps ti=<TaskInstance: create_table_postgres_dag.create_tables_raw_order_items scheduled__2025-02-12T00:00:00+00:00 [queued]>
[2025-02-13T01:15:00.375+0000] {taskinstance.py:2614} INFO - Dependencies all met for dep_context=requeueable deps ti=<TaskInstance: create_table_postgres_dag.create_tables_raw_order_items scheduled__2025-02-12T00:00:00+00:00 [queued]>
[2025-02-13T01:15:00.377+0000] {taskinstance.py:2867} INFO - Starting attempt 1 of 1
[2025-02-13T01:15:00.399+0000] {taskinstance.py:2890} INFO - Executing <Task(PythonOperator): create_tables_raw_order_items> on 2025-02-12 00:00:00+00:00
[2025-02-13T01:15:00.412+0000] {logging_mixin.py:190} WARNING - /home/airflow/.local/lib/python3.12/site-packages/airflow/task/task_runner/standard_task_runner.py:70 DeprecationWarning: This process (pid=2131) is multi-threaded, use of fork() may lead to deadlocks in the child.
[2025-02-13T01:15:00.414+0000] {standard_task_runner.py:72} INFO - Started process 2135 to run task
[2025-02-13T01:15:00.412+0000] {standard_task_runner.py:104} INFO - Running: ['airflow', 'tasks', 'run', 'create_table_***_dag', 'create_tables_raw_order_items', 'scheduled__2025-02-12T00:00:00+00:00', '--job-id', '23', '--raw', '--subdir', 'DAGS_FOLDER/create_table_***_dag.py', '--cfg-path', '/tmp/tmprh9znt_9']
[2025-02-13T01:15:00.416+0000] {standard_task_runner.py:105} INFO - Job 23: Subtask create_tables_raw_order_items
[2025-02-13T01:15:00.440+0000] {logging_mixin.py:190} WARNING - /home/airflow/.local/lib/python3.12/site-packages/airflow/settings.py:209 DeprecationWarning: The sql_alchemy_conn option in [core] has been moved to the sql_alchemy_conn option in [database] - the old setting has been used, but please update your config.
[2025-02-13T01:15:00.510+0000] {task_command.py:467} INFO - Running <TaskInstance: create_table_postgres_dag.create_tables_raw_order_items scheduled__2025-02-12T00:00:00+00:00 [running]> on host 9718839f2a7d
[2025-02-13T01:15:00.514+0000] {logging_mixin.py:190} WARNING - /home/airflow/.local/lib/python3.12/site-packages/airflow/settings.py:470 DeprecationWarning: The sql_alchemy_conn option in [core] has been moved to the sql_alchemy_conn option in [database] - the old setting has been used, but please update your config.
[2025-02-13T01:15:00.520+0000] {logging_mixin.py:190} WARNING - /home/airflow/.local/lib/python3.12/site-packages/airflow/settings.py:605 DeprecationWarning: The sql_engine_encoding option in [core] has been moved to the sql_engine_encoding option in [database] - the old setting has been used, but please update your config.
[2025-02-13T01:15:01.022+0000] {logging_mixin.py:190} WARNING - /home/airflow/.local/lib/python3.12/site-packages/airflow/utils/log/secrets_masker.py:84 DeprecationWarning: The sensitive_variable_fields option in [admin] has been moved to the sensitive_var_conn_names option in [core] - the old setting has been used, but please update your config.
[2025-02-13T01:15:01.094+0000] {taskinstance.py:3134} INFO - Exporting env vars: AIRFLOW_CTX_DAG_OWNER='airflow' AIRFLOW_CTX_DAG_ID='create_table_***_dag' AIRFLOW_CTX_TASK_ID='create_tables_raw_order_items' AIRFLOW_CTX_EXECUTION_DATE='2025-02-12T00:00:00+00:00' AIRFLOW_CTX_TRY_NUMBER='1' AIRFLOW_CTX_DAG_RUN_ID='scheduled__2025-02-12T00:00:00+00:00'
[2025-02-13T01:15:01.096+0000] {taskinstance.py:732} INFO - ::endgroup::
[2025-02-13T01:15:01.236+0000] {python.py:240} INFO - Done. Returned value was: None
[2025-02-13T01:15:01.254+0000] {taskinstance.py:341} INFO - ::group::Post task execution logs
[2025-02-13T01:15:01.256+0000] {taskinstance.py:353} INFO - Marking task as SUCCESS. dag_id=create_table_***_dag, task_id=create_tables_raw_order_items, run_id=scheduled__2025-02-12T00:00:00+00:00, execution_date=20250212T000000, start_date=20250213T011500, end_date=20250213T011501
[2025-02-13T01:15:01.314+0000] {local_task_job_runner.py:266} INFO - Task exited with return code 0
[2025-02-13T01:15:01.345+0000] {taskinstance.py:3901} INFO - 0 downstream tasks scheduled from follow-on schedule check
[2025-02-13T01:15:01.348+0000] {local_task_job_runner.py:245} INFO - ::endgroup::
[2025-02-13T03:53:08.622+0000] {local_task_job_runner.py:123} INFO - ::group::Pre task execution logs
[2025-02-13T03:53:08.646+0000] {taskinstance.py:2614} INFO - Dependencies all met for dep_context=non-requeueable deps ti=<TaskInstance: create_table_postgres_dag.create_tables_raw_order_items scheduled__2025-02-12T00:00:00+00:00 [queued]>
[2025-02-13T03:53:08.655+0000] {taskinstance.py:2614} INFO - Dependencies all met for dep_context=requeueable deps ti=<TaskInstance: create_table_postgres_dag.create_tables_raw_order_items scheduled__2025-02-12T00:00:00+00:00 [queued]>
[2025-02-13T03:53:08.656+0000] {taskinstance.py:2867} INFO - Starting attempt 1 of 1
[2025-02-13T03:53:08.669+0000] {taskinstance.py:2890} INFO - Executing <Task(PythonOperator): create_tables_raw_order_items> on 2025-02-12 00:00:00+00:00
[2025-02-13T03:53:08.678+0000] {logging_mixin.py:190} WARNING - /home/airflow/.local/lib/python3.12/site-packages/airflow/task/task_runner/standard_task_runner.py:70 DeprecationWarning: This process (pid=944) is multi-threaded, use of fork() may lead to deadlocks in the child.
[2025-02-13T03:53:08.679+0000] {standard_task_runner.py:72} INFO - Started process 949 to run task
[2025-02-13T03:53:08.679+0000] {standard_task_runner.py:104} INFO - Running: ['airflow', 'tasks', 'run', 'create_table_***_dag', 'create_tables_raw_order_items', 'scheduled__2025-02-12T00:00:00+00:00', '--job-id', '5', '--raw', '--subdir', 'DAGS_FOLDER/create_table_***_dag.py', '--cfg-path', '/tmp/tmpifs_o9he']
[2025-02-13T03:53:08.682+0000] {standard_task_runner.py:105} INFO - Job 5: Subtask create_tables_raw_order_items
[2025-02-13T03:53:08.698+0000] {logging_mixin.py:190} WARNING - /home/airflow/.local/lib/python3.12/site-packages/airflow/settings.py:209 DeprecationWarning: The sql_alchemy_conn option in [core] has been moved to the sql_alchemy_conn option in [database] - the old setting has been used, but please update your config.
[2025-02-13T03:53:08.738+0000] {task_command.py:467} INFO - Running <TaskInstance: create_table_postgres_dag.create_tables_raw_order_items scheduled__2025-02-12T00:00:00+00:00 [running]> on host 1202205ac05f
[2025-02-13T03:53:08.741+0000] {logging_mixin.py:190} WARNING - /home/airflow/.local/lib/python3.12/site-packages/airflow/settings.py:470 DeprecationWarning: The sql_alchemy_conn option in [core] has been moved to the sql_alchemy_conn option in [database] - the old setting has been used, but please update your config.
[2025-02-13T03:53:08.745+0000] {logging_mixin.py:190} WARNING - /home/airflow/.local/lib/python3.12/site-packages/airflow/settings.py:605 DeprecationWarning: The sql_engine_encoding option in [core] has been moved to the sql_engine_encoding option in [database] - the old setting has been used, but please update your config.
[2025-02-13T03:53:09.061+0000] {logging_mixin.py:190} WARNING - /home/airflow/.local/lib/python3.12/site-packages/airflow/utils/log/secrets_masker.py:84 DeprecationWarning: The sensitive_variable_fields option in [admin] has been moved to the sensitive_var_conn_names option in [core] - the old setting has been used, but please update your config.
[2025-02-13T03:53:09.095+0000] {taskinstance.py:3134} INFO - Exporting env vars: AIRFLOW_CTX_DAG_OWNER='airflow' AIRFLOW_CTX_DAG_ID='create_table_***_dag' AIRFLOW_CTX_TASK_ID='create_tables_raw_order_items' AIRFLOW_CTX_EXECUTION_DATE='2025-02-12T00:00:00+00:00' AIRFLOW_CTX_TRY_NUMBER='1' AIRFLOW_CTX_DAG_RUN_ID='scheduled__2025-02-12T00:00:00+00:00'
[2025-02-13T03:53:09.096+0000] {taskinstance.py:732} INFO - ::endgroup::
[2025-02-13T03:53:09.152+0000] {python.py:240} INFO - Done. Returned value was: None
[2025-02-13T03:53:09.163+0000] {taskinstance.py:341} INFO - ::group::Post task execution logs
[2025-02-13T03:53:09.164+0000] {taskinstance.py:353} INFO - Marking task as SUCCESS. dag_id=create_table_***_dag, task_id=create_tables_raw_order_items, run_id=scheduled__2025-02-12T00:00:00+00:00, execution_date=20250212T000000, start_date=20250213T035308, end_date=20250213T035309
[2025-02-13T03:53:09.216+0000] {local_task_job_runner.py:266} INFO - Task exited with return code 0
[2025-02-13T03:53:09.240+0000] {taskinstance.py:3901} INFO - 0 downstream tasks scheduled from follow-on schedule check
[2025-02-13T03:53:09.242+0000] {local_task_job_runner.py:245} INFO - ::endgroup::
[2025-02-13T04:24:13.056+0000] {local_task_job_runner.py:123} INFO - ::group::Pre task execution logs
[2025-02-13T04:24:13.082+0000] {taskinstance.py:2614} INFO - Dependencies all met for dep_context=non-requeueable deps ti=<TaskInstance: create_table_postgres_dag.create_tables_raw_order_items scheduled__2025-02-12T00:00:00+00:00 [queued]>
[2025-02-13T04:24:13.100+0000] {taskinstance.py:2614} INFO - Dependencies all met for dep_context=requeueable deps ti=<TaskInstance: create_table_postgres_dag.create_tables_raw_order_items scheduled__2025-02-12T00:00:00+00:00 [queued]>
[2025-02-13T04:24:13.100+0000] {taskinstance.py:2867} INFO - Starting attempt 1 of 1
[2025-02-13T04:24:13.117+0000] {taskinstance.py:2890} INFO - Executing <Task(PythonOperator): create_tables_raw_order_items> on 2025-02-12 00:00:00+00:00
[2025-02-13T04:24:13.126+0000] {logging_mixin.py:190} WARNING - /home/airflow/.local/lib/python3.12/site-packages/airflow/task/task_runner/standard_task_runner.py:70 DeprecationWarning: This process (pid=236) is multi-threaded, use of fork() may lead to deadlocks in the child.
[2025-02-13T04:24:13.129+0000] {standard_task_runner.py:72} INFO - Started process 244 to run task
[2025-02-13T04:24:13.126+0000] {standard_task_runner.py:104} INFO - Running: ['airflow', 'tasks', 'run', 'create_table_***_dag', 'create_tables_raw_order_items', 'scheduled__2025-02-12T00:00:00+00:00', '--job-id', '6', '--raw', '--subdir', 'DAGS_FOLDER/create_table_***_dag.py', '--cfg-path', '/tmp/tmpr5n2d4ze']
[2025-02-13T04:24:13.131+0000] {standard_task_runner.py:105} INFO - Job 6: Subtask create_tables_raw_order_items
[2025-02-13T04:24:13.152+0000] {logging_mixin.py:190} WARNING - /home/airflow/.local/lib/python3.12/site-packages/airflow/settings.py:209 DeprecationWarning: The sql_alchemy_conn option in [core] has been moved to the sql_alchemy_conn option in [database] - the old setting has been used, but please update your config.
[2025-02-13T04:24:13.209+0000] {task_command.py:467} INFO - Running <TaskInstance: create_table_postgres_dag.create_tables_raw_order_items scheduled__2025-02-12T00:00:00+00:00 [running]> on host 89bb8c6379b5
[2025-02-13T04:24:13.211+0000] {logging_mixin.py:190} WARNING - /home/airflow/.local/lib/python3.12/site-packages/airflow/settings.py:470 DeprecationWarning: The sql_alchemy_conn option in [core] has been moved to the sql_alchemy_conn option in [database] - the old setting has been used, but please update your config.
[2025-02-13T04:24:13.216+0000] {logging_mixin.py:190} WARNING - /home/airflow/.local/lib/python3.12/site-packages/airflow/settings.py:605 DeprecationWarning: The sql_engine_encoding option in [core] has been moved to the sql_engine_encoding option in [database] - the old setting has been used, but please update your config.
[2025-02-13T04:24:13.511+0000] {logging_mixin.py:190} WARNING - /home/airflow/.local/lib/python3.12/site-packages/airflow/utils/log/secrets_masker.py:84 DeprecationWarning: The sensitive_variable_fields option in [admin] has been moved to the sensitive_var_conn_names option in [core] - the old setting has been used, but please update your config.
[2025-02-13T04:24:13.544+0000] {taskinstance.py:3134} INFO - Exporting env vars: AIRFLOW_CTX_DAG_OWNER='airflow' AIRFLOW_CTX_DAG_ID='create_table_***_dag' AIRFLOW_CTX_TASK_ID='create_tables_raw_order_items' AIRFLOW_CTX_EXECUTION_DATE='2025-02-12T00:00:00+00:00' AIRFLOW_CTX_TRY_NUMBER='1' AIRFLOW_CTX_DAG_RUN_ID='scheduled__2025-02-12T00:00:00+00:00'
[2025-02-13T04:24:13.545+0000] {taskinstance.py:732} INFO - ::endgroup::
[2025-02-13T04:24:13.592+0000] {python.py:240} INFO - Done. Returned value was: None
[2025-02-13T04:24:13.601+0000] {taskinstance.py:341} INFO - ::group::Post task execution logs
[2025-02-13T04:24:13.602+0000] {taskinstance.py:353} INFO - Marking task as SUCCESS. dag_id=create_table_***_dag, task_id=create_tables_raw_order_items, run_id=scheduled__2025-02-12T00:00:00+00:00, execution_date=20250212T000000, start_date=20250213T042413, end_date=20250213T042413
[2025-02-13T04:24:13.665+0000] {local_task_job_runner.py:266} INFO - Task exited with return code 0
[2025-02-13T04:24:13.694+0000] {taskinstance.py:3901} INFO - 0 downstream tasks scheduled from follow-on schedule check
[2025-02-13T04:24:13.695+0000] {local_task_job_runner.py:245} INFO - ::endgroup::
