[0m03:30:32.038622 [debug] [MainThread]: Sending event: {'category': 'dbt', 'action': 'invocation', 'label': 'start', 'context': [<snowplow_tracker.self_describing_json.SelfDescribingJson object at 0x7fd3980b2420>, <snowplow_tracker.self_describing_json.SelfDescribingJson object at 0x7fd39b9ce450>, <snowplow_tracker.self_describing_json.SelfDescribingJson object at 0x7fd3989eeae0>]}


============================== 03:30:32.046803 | aff4624a-d0e5-422c-a188-99438a06a2ae ==============================
[0m03:30:32.046803 [info ] [MainThread]: Running with dbt=1.8.7
[0m03:30:32.047934 [debug] [MainThread]: running dbt with arguments {'printer_width': '80', 'indirect_selection': 'eager', 'write_json': 'True', 'log_cache_events': 'False', 'partial_parse': 'True', 'cache_selected_only': 'False', 'profiles_dir': '/home/airflow/.dbt', 'fail_fast': 'False', 'version_check': 'True', 'log_path': 'logs', 'debug': 'False', 'warn_error': 'None', 'use_colors': 'True', 'use_experimental_parser': 'False', 'no_print': 'None', 'quiet': 'False', 'empty': 'None', 'log_format': 'default', 'static_parser': 'True', 'invocation_command': 'dbt init postgres_project', 'introspect': 'True', 'target_path': 'None', 'warn_error_options': 'WarnErrorOptions(include=[], exclude=[])', 'send_anonymous_usage_stats': 'True'}
[0m03:30:32.058975 [debug] [MainThread]: Starter project path: /home/airflow/.local/lib/python3.12/site-packages/dbt/include/starter_project
[0m03:30:32.200721 [info ] [MainThread]: 
Your new dbt project "postgres_project" was created!

For more information on how to configure the profiles.yml file,
please consult the dbt documentation here:

  https://docs.getdbt.com/docs/configure-your-profile

One more thing:

Need help? Don't hesitate to reach out to us via GitHub issues or on Slack:

  https://community.getdbt.com/

Happy modeling!

[0m03:30:32.201727 [info ] [MainThread]: Setting up your profile.
[0m03:31:33.139717 [info ] [MainThread]: Profile postgres_project written to /home/airflow/.dbt/profiles.yml using target's profile_template.yml and your supplied values. Run 'dbt debug' to validate the connection.
[0m03:31:33.141876 [debug] [MainThread]: Resource report: {"command_name": "init", "command_success": true, "command_wall_clock_time": 61.18339, "process_user_time": 2.331734, "process_kernel_time": 0.099734, "process_mem_max_rss": "106248", "process_in_blocks": "0", "process_out_blocks": "0"}
[0m03:31:33.143013 [debug] [MainThread]: Command `dbt init` succeeded at 03:31:33.142857 after 61.18 seconds
[0m03:31:33.143968 [debug] [MainThread]: Sending event: {'category': 'dbt', 'action': 'invocation', 'label': 'end', 'context': [<snowplow_tracker.self_describing_json.SelfDescribingJson object at 0x7fd3981c1670>, <snowplow_tracker.self_describing_json.SelfDescribingJson object at 0x7fd3988951c0>, <snowplow_tracker.self_describing_json.SelfDescribingJson object at 0x7fd39798e780>]}
[0m03:31:33.144902 [debug] [MainThread]: Flushing usage events
[0m03:32:03.091007 [debug] [MainThread]: Sending event: {'category': 'dbt', 'action': 'invocation', 'label': 'start', 'context': [<snowplow_tracker.self_describing_json.SelfDescribingJson object at 0x7fb1a264a840>, <snowplow_tracker.self_describing_json.SelfDescribingJson object at 0x7fb1a2172360>, <snowplow_tracker.self_describing_json.SelfDescribingJson object at 0x7fb1a37ffe60>]}


============================== 03:32:03.099438 | 05aa820c-03db-4911-948d-c11c8fdc491d ==============================
[0m03:32:03.099438 [info ] [MainThread]: Running with dbt=1.8.7
[0m03:32:03.100390 [debug] [MainThread]: running dbt with arguments {'printer_width': '80', 'indirect_selection': 'eager', 'log_cache_events': 'False', 'write_json': 'True', 'partial_parse': 'True', 'cache_selected_only': 'False', 'profiles_dir': '/home/airflow/.dbt', 'fail_fast': 'False', 'warn_error': 'None', 'log_path': 'logs', 'version_check': 'True', 'debug': 'False', 'use_colors': 'True', 'use_experimental_parser': 'False', 'no_print': 'None', 'quiet': 'False', 'empty': 'None', 'warn_error_options': 'WarnErrorOptions(include=[], exclude=[])', 'invocation_command': 'dbt debug', 'introspect': 'True', 'log_format': 'default', 'target_path': 'None', 'static_parser': 'True', 'send_anonymous_usage_stats': 'True'}
[0m03:32:03.109496 [info ] [MainThread]: dbt version: 1.8.7
[0m03:32:03.110526 [info ] [MainThread]: python version: 3.12.9
[0m03:32:03.111477 [info ] [MainThread]: python path: /home/airflow/.local/bin/python
[0m03:32:03.112341 [info ] [MainThread]: os info: Linux-5.15.167.4-microsoft-standard-WSL2-x86_64-with-glibc2.36
[0m03:32:03.193434 [info ] [MainThread]: Using profiles dir at /home/airflow/.dbt
[0m03:32:03.194543 [info ] [MainThread]: Using profiles.yml file at /home/airflow/.dbt/profiles.yml
[0m03:32:03.195522 [info ] [MainThread]: Using dbt_project.yml file at /opt/airflow/dags/dbt/dbt_project.yml
[0m03:32:03.196990 [info ] [MainThread]: adapter type: postgres
[0m03:32:03.198016 [info ] [MainThread]: adapter version: 1.9.0
[0m03:32:03.199341 [info ] [MainThread]: Configuration:
[0m03:32:03.200254 [info ] [MainThread]:   profiles.yml file [[32mOK found and valid[0m]
[0m03:32:03.201176 [info ] [MainThread]:   dbt_project.yml file [[31mERROR not found[0m]
[0m03:32:03.202232 [info ] [MainThread]: Required dependencies:
[0m03:32:03.203144 [debug] [MainThread]: Executing "git --help"
[0m03:32:03.205342 [info ] [MainThread]:  - git [[31mERROR[0m]

[0m03:32:03.206255 [info ] [MainThread]: Connection:
[0m03:32:03.207044 [info ] [MainThread]:   host: postgres
[0m03:32:03.207818 [info ] [MainThread]:   port: 5432
[0m03:32:03.208800 [info ] [MainThread]:   user: postgres
[0m03:32:03.209658 [info ] [MainThread]:   database: airflow
[0m03:32:03.210463 [info ] [MainThread]:   schema: raw
[0m03:32:03.211298 [info ] [MainThread]:   connect_timeout: 10
[0m03:32:03.212407 [info ] [MainThread]:   role: None
[0m03:32:03.213382 [info ] [MainThread]:   search_path: None
[0m03:32:03.214256 [info ] [MainThread]:   keepalives_idle: 0
[0m03:32:03.215094 [info ] [MainThread]:   sslmode: None
[0m03:32:03.215842 [info ] [MainThread]:   sslcert: None
[0m03:32:03.216620 [info ] [MainThread]:   sslkey: None
[0m03:32:03.217583 [info ] [MainThread]:   sslrootcert: None
[0m03:32:03.218610 [info ] [MainThread]:   application_name: dbt
[0m03:32:03.219639 [info ] [MainThread]:   retries: 1
[0m03:32:03.221018 [info ] [MainThread]: Registered adapter: postgres=1.9.0
[0m03:32:03.336255 [debug] [MainThread]: Acquiring new postgres connection 'debug'
[0m03:32:03.373879 [debug] [MainThread]: Using postgres connection "debug"
[0m03:32:03.374911 [debug] [MainThread]: On debug: select 1 as id
[0m03:32:03.375780 [debug] [MainThread]: Opening a new connection, currently in state init
[0m03:32:03.381999 [debug] [MainThread]: SQL status: SELECT 1 in 0.006 seconds
[0m03:32:03.384111 [debug] [MainThread]: On debug: Close
[0m03:32:03.385034 [info ] [MainThread]:   Connection test: [[32mOK connection ok[0m]

[0m03:32:03.386029 [info ] [MainThread]: [31m2 checks failed:[0m
[0m03:32:03.387397 [info ] [MainThread]: Project loading failed for the following reason:
 project path </opt/airflow/dags/dbt/dbt_project.yml> not found

[0m03:32:03.388385 [info ] [MainThread]: Error from git --help: User does not have permissions for this command: "git"

[0m03:32:03.390148 [debug] [MainThread]: Resource report: {"command_name": "debug", "command_wall_clock_time": 0.37278414, "process_user_time": 2.462604, "process_kernel_time": 0.13958, "process_mem_max_rss": "113372", "command_success": false, "process_in_blocks": "0", "process_out_blocks": "0"}
[0m03:32:03.391141 [debug] [MainThread]: Command `dbt debug` failed at 03:32:03.390993 after 0.37 seconds
[0m03:32:03.391979 [debug] [MainThread]: Connection 'debug' was properly closed.
[0m03:32:03.392895 [debug] [MainThread]: Sending event: {'category': 'dbt', 'action': 'invocation', 'label': 'end', 'context': [<snowplow_tracker.self_describing_json.SelfDescribingJson object at 0x7fb1a268baa0>, <snowplow_tracker.self_describing_json.SelfDescribingJson object at 0x7fb1a2a469f0>, <snowplow_tracker.self_describing_json.SelfDescribingJson object at 0x7fb1a0df9550>]}
[0m03:32:03.393865 [debug] [MainThread]: Flushing usage events
[0m04:11:03.847782 [debug] [MainThread]: Sending event: {'category': 'dbt', 'action': 'invocation', 'label': 'start', 'context': [<snowplow_tracker.self_describing_json.SelfDescribingJson object at 0x7fe70b277740>, <snowplow_tracker.self_describing_json.SelfDescribingJson object at 0x7fe70a474590>, <snowplow_tracker.self_describing_json.SelfDescribingJson object at 0x7fe708806420>]}
[0m04:11:03.847782 [debug] [MainThread]: Sending event: {'category': 'dbt', 'action': 'invocation', 'label': 'start', 'context': [<snowplow_tracker.self_describing_json.SelfDescribingJson object at 0x7fe2a4aa4260>, <snowplow_tracker.self_describing_json.SelfDescribingJson object at 0x7fe2a4c27530>, <snowplow_tracker.self_describing_json.SelfDescribingJson object at 0x7fe2a70590a0>]}


============================== 04:11:03.886672 | 8874fa8a-6fe0-4725-a54a-1e0f5e4aa452 ==============================
[0m04:11:03.886672 [info ] [MainThread]: Running with dbt=1.8.7


============================== 04:11:03.887272 | efd75f26-ed29-4a82-b318-5693b570020d ==============================
[0m04:11:03.887272 [info ] [MainThread]: Running with dbt=1.8.7
[0m04:11:03.887858 [debug] [MainThread]: running dbt with arguments {'printer_width': '80', 'indirect_selection': 'eager', 'log_cache_events': 'False', 'write_json': 'True', 'partial_parse': 'True', 'cache_selected_only': 'False', 'warn_error': 'None', 'fail_fast': 'False', 'debug': 'False', 'log_path': 'logs', 'version_check': 'True', 'profiles_dir': '/home/airflow/.dbt', 'use_colors': 'True', 'use_experimental_parser': 'False', 'no_print': 'None', 'quiet': 'False', 'empty': 'False', 'warn_error_options': 'WarnErrorOptions(include=[], exclude=[])', 'invocation_command': 'dbt run', 'introspect': 'True', 'static_parser': 'True', 'target_path': 'None', 'log_format': 'default', 'send_anonymous_usage_stats': 'True'}
[0m04:11:03.889153 [debug] [MainThread]: running dbt with arguments {'printer_width': '80', 'indirect_selection': 'eager', 'write_json': 'True', 'log_cache_events': 'False', 'partial_parse': 'True', 'cache_selected_only': 'False', 'profiles_dir': '/home/airflow/.dbt', 'fail_fast': 'False', 'version_check': 'True', 'log_path': 'logs', 'debug': 'False', 'warn_error': 'None', 'use_colors': 'True', 'use_experimental_parser': 'False', 'empty': 'False', 'quiet': 'False', 'no_print': 'None', 'log_format': 'default', 'invocation_command': 'dbt run', 'introspect': 'True', 'warn_error_options': 'WarnErrorOptions(include=[], exclude=[])', 'target_path': 'None', 'static_parser': 'True', 'send_anonymous_usage_stats': 'True'}
[0m04:11:03.889551 [error] [MainThread]: Encountered an error:
Runtime Error
  No dbt_project.yml found at expected path /opt/airflow/dags/dbt/dbt_project.yml
  Verify that each entry within packages.yml (and their transitive dependencies) contains a file named dbt_project.yml
  
[0m04:11:03.890490 [error] [MainThread]: Encountered an error:
Runtime Error
  No dbt_project.yml found at expected path /opt/airflow/dags/dbt/dbt_project.yml
  Verify that each entry within packages.yml (and their transitive dependencies) contains a file named dbt_project.yml
  
[0m04:11:03.891123 [debug] [MainThread]: Resource report: {"command_name": "run", "command_wall_clock_time": 0.11646669, "process_user_time": 2.707509, "process_kernel_time": 0.543514, "process_mem_max_rss": "180436", "process_out_blocks": "3800", "command_success": false, "process_in_blocks": "0"}
[0m04:11:03.892008 [debug] [MainThread]: Resource report: {"command_name": "run", "command_wall_clock_time": 0.117378145, "process_user_time": 2.677712, "process_kernel_time": 0.559522, "process_mem_max_rss": "180432", "process_out_blocks": "3824", "command_success": false, "process_in_blocks": "0"}
[0m04:11:03.892252 [debug] [MainThread]: Command `dbt run` failed at 04:11:03.892026 after 0.12 seconds
[0m04:11:03.893483 [debug] [MainThread]: Command `dbt run` failed at 04:11:03.893275 after 0.12 seconds
[0m04:11:03.893505 [debug] [MainThread]: Sending event: {'category': 'dbt', 'action': 'invocation', 'label': 'end', 'context': [<snowplow_tracker.self_describing_json.SelfDescribingJson object at 0x7fe708a23470>, <snowplow_tracker.self_describing_json.SelfDescribingJson object at 0x7fe7089f9e80>, <snowplow_tracker.self_describing_json.SelfDescribingJson object at 0x7fe7089ff3e0>]}
[0m04:11:03.894730 [debug] [MainThread]: Sending event: {'category': 'dbt', 'action': 'invocation', 'label': 'end', 'context': [<snowplow_tracker.self_describing_json.SelfDescribingJson object at 0x7fe2a4c95fa0>, <snowplow_tracker.self_describing_json.SelfDescribingJson object at 0x7fe2a4c27bc0>, <snowplow_tracker.self_describing_json.SelfDescribingJson object at 0x7fe2a4c27530>]}
[0m04:11:03.894828 [debug] [MainThread]: Flushing usage events
[0m04:11:03.896108 [debug] [MainThread]: Flushing usage events
