[2025-02-13T07:50:12.631+0000] {local_task_job_runner.py:123} INFO - ::group::Pre task execution logs
[2025-02-13T07:50:12.652+0000] {taskinstance.py:2614} INFO - Dependencies all met for dep_context=non-requeueable deps ti=<TaskInstance: transform_data_dag.dbt_run manual__2025-02-13T07:50:10.541391+00:00 [queued]>
[2025-02-13T07:50:12.662+0000] {taskinstance.py:2614} INFO - Dependencies all met for dep_context=requeueable deps ti=<TaskInstance: transform_data_dag.dbt_run manual__2025-02-13T07:50:10.541391+00:00 [queued]>
[2025-02-13T07:50:12.663+0000] {taskinstance.py:2867} INFO - Starting attempt 1 of 1
[2025-02-13T07:50:12.677+0000] {taskinstance.py:2890} INFO - Executing <Task(BashOperator): dbt_run> on 2025-02-13 07:50:10.541391+00:00
[2025-02-13T07:50:12.684+0000] {logging_mixin.py:190} WARNING - /home/airflow/.local/lib/python3.12/site-packages/airflow/task/task_runner/standard_task_runner.py:70 DeprecationWarning: This process (pid=5094) is multi-threaded, use of fork() may lead to deadlocks in the child.
[2025-02-13T07:50:12.686+0000] {standard_task_runner.py:72} INFO - Started process 5095 to run task
[2025-02-13T07:50:12.684+0000] {standard_task_runner.py:104} INFO - Running: ['airflow', 'tasks', 'run', 'transform_data_dag', 'dbt_run', 'manual__2025-02-13T07:50:10.541391+00:00', '--job-id', '57', '--raw', '--subdir', 'DAGS_FOLDER/transform_data_dag.py', '--cfg-path', '/tmp/tmpk_z82op_']
[2025-02-13T07:50:12.687+0000] {standard_task_runner.py:105} INFO - Job 57: Subtask dbt_run
[2025-02-13T07:50:12.705+0000] {logging_mixin.py:190} WARNING - /home/airflow/.local/lib/python3.12/site-packages/airflow/settings.py:209 DeprecationWarning: The sql_alchemy_conn option in [core] has been moved to the sql_alchemy_conn option in [database] - the old setting has been used, but please update your config.
[2025-02-13T07:50:12.740+0000] {task_command.py:467} INFO - Running <TaskInstance: transform_data_dag.dbt_run manual__2025-02-13T07:50:10.541391+00:00 [running]> on host 89bb8c6379b5
[2025-02-13T07:50:12.805+0000] {logging_mixin.py:190} WARNING - /home/airflow/.local/lib/python3.12/site-packages/airflow/utils/log/secrets_masker.py:84 DeprecationWarning: The sensitive_variable_fields option in [admin] has been moved to the sensitive_var_conn_names option in [core] - the old setting has been used, but please update your config.
[2025-02-13T07:50:12.837+0000] {taskinstance.py:3134} INFO - Exporting env vars: AIRFLOW_CTX_DAG_OWNER='airflow' AIRFLOW_CTX_DAG_ID='transform_data_dag' AIRFLOW_CTX_TASK_ID='dbt_run' AIRFLOW_CTX_EXECUTION_DATE='2025-02-13T07:50:10.541391+00:00' AIRFLOW_CTX_TRY_NUMBER='1' AIRFLOW_CTX_DAG_RUN_ID='manual__2025-02-13T07:50:10.541391+00:00'
[2025-02-13T07:50:12.838+0000] {taskinstance.py:732} INFO - ::endgroup::
[2025-02-13T07:50:12.855+0000] {subprocess.py:78} INFO - Tmp dir root location: /tmp
[2025-02-13T07:50:12.856+0000] {subprocess.py:88} INFO - Running command: ['/usr/bin/bash', '-c', 'cd /opt/airflow/dags/dbt/***_project && dbt run']
[2025-02-13T07:50:12.864+0000] {subprocess.py:99} INFO - Output:
[2025-02-13T07:50:15.234+0000] {subprocess.py:106} INFO - [0m07:50:15  Running with dbt=1.8.7
[2025-02-13T07:50:15.553+0000] {subprocess.py:106} INFO - [0m07:50:15  Registered adapter: ***=1.9.0
[2025-02-13T07:50:16.315+0000] {subprocess.py:106} INFO - [0m07:50:16  [[33mWARNING[0m]: Deprecated functionality
[2025-02-13T07:50:16.316+0000] {subprocess.py:106} INFO - The `tests` config has been renamed to `data_tests`. Please see
[2025-02-13T07:50:16.317+0000] {subprocess.py:106} INFO - https://docs.getdbt.com/docs/build/data-tests#new-data_tests-syntax for more
[2025-02-13T07:50:16.317+0000] {subprocess.py:106} INFO - information.
[2025-02-13T07:50:16.761+0000] {subprocess.py:106} INFO - [0m07:50:16  Found 6 models, 3 data tests, 3 sources, 429 macros
[2025-02-13T07:50:16.766+0000] {subprocess.py:106} INFO - [0m07:50:16
[2025-02-13T07:50:16.893+0000] {subprocess.py:106} INFO - [0m07:50:16  Concurrency: 1 threads (target='dev')
[2025-02-13T07:50:16.893+0000] {subprocess.py:106} INFO - [0m07:50:16
[2025-02-13T07:50:16.974+0000] {subprocess.py:106} INFO - [0m07:50:16  1 of 3 START sql incremental model model.order_items ........................... [RUN]
[2025-02-13T07:50:17.291+0000] {subprocess.py:106} INFO - [0m07:50:17  1 of 3 OK created sql incremental model model.order_items ...................... [[32mINSERT 0 0[0m in 0.31s]
[2025-02-13T07:50:17.295+0000] {subprocess.py:106} INFO - [0m07:50:17  2 of 3 START sql incremental model model.orders ................................ [RUN]
[2025-02-13T07:50:17.427+0000] {subprocess.py:106} INFO - [0m07:50:17  2 of 3 OK created sql incremental model model.orders ........................... [[32mINSERT 0 0[0m in 0.13s]
[2025-02-13T07:50:17.431+0000] {subprocess.py:106} INFO - [0m07:50:17  3 of 3 START sql incremental model model.products .............................. [RUN]
[2025-02-13T07:50:17.571+0000] {subprocess.py:106} INFO - [0m07:50:17  3 of 3 OK created sql incremental model model.products ......................... [[32mINSERT 0 0[0m in 0.14s]
[2025-02-13T07:50:17.588+0000] {subprocess.py:106} INFO - [0m07:50:17
[2025-02-13T07:50:17.589+0000] {subprocess.py:106} INFO - [0m07:50:17  Finished running 3 incremental models in 0 hours 0 minutes and 0.82 seconds (0.82s).
[2025-02-13T07:50:17.661+0000] {subprocess.py:106} INFO - [0m07:50:17
[2025-02-13T07:50:17.662+0000] {subprocess.py:106} INFO - [0m07:50:17  [32mCompleted successfully[0m
[2025-02-13T07:50:17.663+0000] {subprocess.py:106} INFO - [0m07:50:17
[2025-02-13T07:50:17.664+0000] {subprocess.py:106} INFO - [0m07:50:17  Done. PASS=3 WARN=0 ERROR=0 SKIP=0 TOTAL=3
[2025-02-13T07:50:18.402+0000] {subprocess.py:110} INFO - Command exited with return code 0
[2025-02-13T07:50:18.428+0000] {taskinstance.py:341} INFO - ::group::Post task execution logs
[2025-02-13T07:50:18.429+0000] {taskinstance.py:353} INFO - Marking task as SUCCESS. dag_id=transform_data_dag, task_id=dbt_run, run_id=manual__2025-02-13T07:50:10.541391+00:00, execution_date=20250213T075010, start_date=20250213T075012, end_date=20250213T075018
[2025-02-13T07:50:18.497+0000] {local_task_job_runner.py:266} INFO - Task exited with return code 0
[2025-02-13T07:50:18.515+0000] {taskinstance.py:3901} INFO - 0 downstream tasks scheduled from follow-on schedule check
[2025-02-13T07:50:18.517+0000] {local_task_job_runner.py:245} INFO - ::endgroup::
