[2025-02-13T01:14:55.866+0000] {local_task_job_runner.py:123} INFO - ::group::Pre task execution logs
[2025-02-13T01:14:55.944+0000] {taskinstance.py:2614} INFO - Dependencies all met for dep_context=non-requeueable deps ti=<TaskInstance: create_table_postgres_dag.create_tables_model scheduled__2025-02-12T00:00:00+00:00 [queued]>
[2025-02-13T01:14:55.988+0000] {taskinstance.py:2614} INFO - Dependencies all met for dep_context=requeueable deps ti=<TaskInstance: create_table_postgres_dag.create_tables_model scheduled__2025-02-12T00:00:00+00:00 [queued]>
[2025-02-13T01:14:56.090+0000] {taskinstance.py:2867} INFO - Starting attempt 1 of 1
[2025-02-13T01:14:56.206+0000] {taskinstance.py:2890} INFO - Executing <Task(SQLExecuteQueryOperator): create_tables_model> on 2025-02-12 00:00:00+00:00
[2025-02-13T01:14:56.320+0000] {standard_task_runner.py:104} INFO - Running: ['airflow', 'tasks', 'run', 'create_table_***_dag', 'create_tables_model', 'scheduled__2025-02-12T00:00:00+00:00', '--job-id', '22', '--raw', '--subdir', 'DAGS_FOLDER/create_table_***_dag.py', '--cfg-path', '/tmp/tmphvo4mttw']
[2025-02-13T01:14:56.321+0000] {logging_mixin.py:190} WARNING - /home/airflow/.local/lib/python3.12/site-packages/airflow/task/task_runner/standard_task_runner.py:70 DeprecationWarning: This process (pid=2119) is multi-threaded, use of fork() may lead to deadlocks in the child.
[2025-02-13T01:14:56.333+0000] {standard_task_runner.py:105} INFO - Job 22: Subtask create_tables_model
[2025-02-13T01:14:56.333+0000] {standard_task_runner.py:72} INFO - Started process 2127 to run task
[2025-02-13T01:14:56.394+0000] {logging_mixin.py:190} WARNING - /home/airflow/.local/lib/python3.12/site-packages/airflow/settings.py:209 DeprecationWarning: The sql_alchemy_conn option in [core] has been moved to the sql_alchemy_conn option in [database] - the old setting has been used, but please update your config.
[2025-02-13T01:14:56.520+0000] {task_command.py:467} INFO - Running <TaskInstance: create_table_postgres_dag.create_tables_model scheduled__2025-02-12T00:00:00+00:00 [running]> on host 9718839f2a7d
[2025-02-13T01:14:56.524+0000] {logging_mixin.py:190} WARNING - /home/airflow/.local/lib/python3.12/site-packages/airflow/settings.py:470 DeprecationWarning: The sql_alchemy_conn option in [core] has been moved to the sql_alchemy_conn option in [database] - the old setting has been used, but please update your config.
[2025-02-13T01:14:56.538+0000] {logging_mixin.py:190} WARNING - /home/airflow/.local/lib/python3.12/site-packages/airflow/settings.py:605 DeprecationWarning: The sql_engine_encoding option in [core] has been moved to the sql_engine_encoding option in [database] - the old setting has been used, but please update your config.
[2025-02-13T01:14:57.347+0000] {logging_mixin.py:190} WARNING - /home/airflow/.local/lib/python3.12/site-packages/airflow/utils/log/secrets_masker.py:84 DeprecationWarning: The sensitive_variable_fields option in [admin] has been moved to the sensitive_var_conn_names option in [core] - the old setting has been used, but please update your config.
[2025-02-13T01:14:57.466+0000] {taskinstance.py:3134} INFO - Exporting env vars: AIRFLOW_CTX_DAG_OWNER='airflow' AIRFLOW_CTX_DAG_ID='create_table_***_dag' AIRFLOW_CTX_TASK_ID='create_tables_model' AIRFLOW_CTX_EXECUTION_DATE='2025-02-12T00:00:00+00:00' AIRFLOW_CTX_TRY_NUMBER='1' AIRFLOW_CTX_DAG_RUN_ID='scheduled__2025-02-12T00:00:00+00:00'
[2025-02-13T01:14:57.468+0000] {taskinstance.py:732} INFO - ::endgroup::
[2025-02-13T01:14:57.525+0000] {sql.py:295} INFO - Executing: CREATE SCHEMA IF NOT EXISTS raw;
CREATE SCHEMA IF NOT EXISTS model;

CREATE TABLE IF NOT EXISTS model.products (
 product_id varchar(50) PRIMARY KEY,
 name varchar(50),
 category varchar(50),
 price float
);

CREATE TABLE IF NOT EXISTS model.orders (
order_id varchar(50) PRIMARY KEY,
customer_id varchar(50),
order_date date,
total_amount float
);

CREATE TABLE IF NOT EXISTS model.order_items (
order_item_id varchar(50) PRIMARY KEY,
order_id varchar(50),
product_id varchar(50),
quantity int,
price float,
CONSTRAINT fk_products
FOREIGN KEY(product_id)
REFERENCES data.products(product_id),
CONSTRAINT fk_orders
FOREIGN KEY(order_id)
REFERENCES data.orders(order_id)
);
[2025-02-13T01:14:57.545+0000] {base.py:84} INFO - Retrieving connection '***'
[2025-02-13T01:14:57.572+0000] {base.py:84} INFO - Retrieving connection '***'
[2025-02-13T01:14:57.583+0000] {sql.py:511} INFO - Running statement: CREATE SCHEMA IF NOT EXISTS raw;
CREATE SCHEMA IF NOT EXISTS model;

CREATE TABLE IF NOT EXISTS model.products (
 product_id varchar(50) PRIMARY KEY,
 name varchar(50),
 category varchar(50),
 price float
);

CREATE TABLE IF NOT EXISTS model.orders (
order_id varchar(50) PRIMARY KEY,
customer_id varchar(50),
order_date date,
total_amount float
);

CREATE TABLE IF NOT EXISTS model.order_items (
order_item_id varchar(50) PRIMARY KEY,
order_id varchar(50),
product_id varchar(50),
quantity int,
price float,
CONSTRAINT fk_products
FOREIGN KEY(product_id)
REFERENCES data.products(product_id),
CONSTRAINT fk_orders
FOREIGN KEY(order_id)
REFERENCES data.orders(order_id)
);, parameters: None
[2025-02-13T01:14:57.589+0000] {logging_mixin.py:190} WARNING - /home/airflow/.local/lib/python3.12/site-packages/airflow/providers/common/sql/hooks/sql.py:470 DeprecationWarning: Import of fetch_all_handler from the 'airflow.providers.common.sql.hooks' module is deprecated and will
be removed in the future. Please import it from 'airflow.providers.common.sql.hooks.handlers'.
[2025-02-13T01:14:57.599+0000] {logging_mixin.py:190} WARNING - /home/airflow/.local/lib/python3.12/site-packages/airflow/providers/common/sql/hooks/sql.py:471 DeprecationWarning: Import of return_single_query_results from the 'airflow.providers.common.sql.hooks' module is deprecated and will
be removed in the future. Please import it from 'airflow.providers.common.sql.hooks.handlers'.
[2025-02-13T01:14:57.603+0000] {logging_mixin.py:190} WARNING - /home/airflow/.local/lib/python3.12/site-packages/airflow/providers/common/sql/hooks/sql.py:486 DeprecationWarning: Import of return_single_query_results from the 'airflow.providers.common.sql.hooks' module is deprecated and will
be removed in the future. Please import it from 'airflow.providers.common.sql.hooks.handlers'.
[2025-02-13T01:14:57.606+0000] {logging_mixin.py:190} WARNING - /home/airflow/.local/lib/python3.12/site-packages/airflow/providers/common/sql/operators/sql.py:311 DeprecationWarning: Import of return_single_query_results from the 'airflow.providers.common.sql.hooks' module is deprecated and will
be removed in the future. Please import it from 'airflow.providers.common.sql.hooks.handlers'.
[2025-02-13T01:14:57.643+0000] {taskinstance.py:341} INFO - ::group::Post task execution logs
[2025-02-13T01:14:57.644+0000] {taskinstance.py:353} INFO - Marking task as SUCCESS. dag_id=create_table_***_dag, task_id=create_tables_model, run_id=scheduled__2025-02-12T00:00:00+00:00, execution_date=20250212T000000, start_date=20250213T011455, end_date=20250213T011457
[2025-02-13T01:14:57.790+0000] {local_task_job_runner.py:266} INFO - Task exited with return code 0
[2025-02-13T01:14:57.891+0000] {taskinstance.py:3901} INFO - 3 downstream tasks scheduled from follow-on schedule check
[2025-02-13T01:14:57.905+0000] {local_task_job_runner.py:245} INFO - ::endgroup::
[2025-02-13T02:32:18.206+0000] {local_task_job_runner.py:123} INFO - ::group::Pre task execution logs
[2025-02-13T02:32:18.230+0000] {taskinstance.py:2614} INFO - Dependencies all met for dep_context=non-requeueable deps ti=<TaskInstance: create_table_postgres_dag.create_tables_model scheduled__2025-02-12T00:00:00+00:00 [queued]>
[2025-02-13T02:32:18.240+0000] {taskinstance.py:2614} INFO - Dependencies all met for dep_context=requeueable deps ti=<TaskInstance: create_table_postgres_dag.create_tables_model scheduled__2025-02-12T00:00:00+00:00 [queued]>
[2025-02-13T02:32:18.241+0000] {taskinstance.py:2867} INFO - Starting attempt 1 of 1
[2025-02-13T02:32:18.265+0000] {taskinstance.py:2890} INFO - Executing <Task(SQLExecuteQueryOperator): create_tables_model> on 2025-02-12 00:00:00+00:00
[2025-02-13T02:32:18.275+0000] {logging_mixin.py:190} WARNING - /home/airflow/.local/lib/python3.12/site-packages/airflow/task/task_runner/standard_task_runner.py:70 DeprecationWarning: This process (pid=489) is multi-threaded, use of fork() may lead to deadlocks in the child.
[2025-02-13T02:32:18.277+0000] {standard_task_runner.py:72} INFO - Started process 494 to run task
[2025-02-13T02:32:18.276+0000] {standard_task_runner.py:104} INFO - Running: ['airflow', 'tasks', 'run', 'create_table_***_dag', 'create_tables_model', 'scheduled__2025-02-12T00:00:00+00:00', '--job-id', '3', '--raw', '--subdir', 'DAGS_FOLDER/create_table_***_dag.py', '--cfg-path', '/tmp/tmp76hlosg0']
[2025-02-13T02:32:18.280+0000] {standard_task_runner.py:105} INFO - Job 3: Subtask create_tables_model
[2025-02-13T02:32:18.297+0000] {logging_mixin.py:190} WARNING - /home/airflow/.local/lib/python3.12/site-packages/airflow/settings.py:209 DeprecationWarning: The sql_alchemy_conn option in [core] has been moved to the sql_alchemy_conn option in [database] - the old setting has been used, but please update your config.
[2025-02-13T02:32:18.337+0000] {task_command.py:467} INFO - Running <TaskInstance: create_table_postgres_dag.create_tables_model scheduled__2025-02-12T00:00:00+00:00 [running]> on host 02cc3b9699d8
[2025-02-13T02:32:18.339+0000] {logging_mixin.py:190} WARNING - /home/airflow/.local/lib/python3.12/site-packages/airflow/settings.py:470 DeprecationWarning: The sql_alchemy_conn option in [core] has been moved to the sql_alchemy_conn option in [database] - the old setting has been used, but please update your config.
[2025-02-13T02:32:18.343+0000] {logging_mixin.py:190} WARNING - /home/airflow/.local/lib/python3.12/site-packages/airflow/settings.py:605 DeprecationWarning: The sql_engine_encoding option in [core] has been moved to the sql_engine_encoding option in [database] - the old setting has been used, but please update your config.
[2025-02-13T02:32:18.706+0000] {logging_mixin.py:190} WARNING - /home/airflow/.local/lib/python3.12/site-packages/airflow/utils/log/secrets_masker.py:84 DeprecationWarning: The sensitive_variable_fields option in [admin] has been moved to the sensitive_var_conn_names option in [core] - the old setting has been used, but please update your config.
[2025-02-13T02:32:18.741+0000] {taskinstance.py:3134} INFO - Exporting env vars: AIRFLOW_CTX_DAG_OWNER='airflow' AIRFLOW_CTX_DAG_ID='create_table_***_dag' AIRFLOW_CTX_TASK_ID='create_tables_model' AIRFLOW_CTX_EXECUTION_DATE='2025-02-12T00:00:00+00:00' AIRFLOW_CTX_TRY_NUMBER='1' AIRFLOW_CTX_DAG_RUN_ID='scheduled__2025-02-12T00:00:00+00:00'
[2025-02-13T02:32:18.742+0000] {taskinstance.py:732} INFO - ::endgroup::
[2025-02-13T02:32:18.761+0000] {sql.py:295} INFO - Executing: CREATE SCHEMA IF NOT EXISTS raw;
CREATE SCHEMA IF NOT EXISTS model;

CREATE TABLE IF NOT EXISTS model.products (
 product_id varchar(50) PRIMARY KEY,
 name varchar(50),
 category varchar(50),
 price float
);

CREATE TABLE IF NOT EXISTS model.orders (
order_id varchar(50) PRIMARY KEY,
customer_id varchar(50),
order_date date,
total_amount float
);

CREATE TABLE IF NOT EXISTS model.order_items (
order_item_id varchar(50) PRIMARY KEY,
order_id varchar(50),
product_id varchar(50),
quantity int,
price float,
CONSTRAINT fk_products
FOREIGN KEY(product_id)
REFERENCES data.products(product_id),
CONSTRAINT fk_orders
FOREIGN KEY(order_id)
REFERENCES data.orders(order_id)
);
[2025-02-13T02:32:18.770+0000] {base.py:84} INFO - Retrieving connection '***'
[2025-02-13T02:32:18.783+0000] {base.py:84} INFO - Retrieving connection '***'
[2025-02-13T02:32:18.787+0000] {sql.py:511} INFO - Running statement: CREATE SCHEMA IF NOT EXISTS raw;
CREATE SCHEMA IF NOT EXISTS model;

CREATE TABLE IF NOT EXISTS model.products (
 product_id varchar(50) PRIMARY KEY,
 name varchar(50),
 category varchar(50),
 price float
);

CREATE TABLE IF NOT EXISTS model.orders (
order_id varchar(50) PRIMARY KEY,
customer_id varchar(50),
order_date date,
total_amount float
);

CREATE TABLE IF NOT EXISTS model.order_items (
order_item_id varchar(50) PRIMARY KEY,
order_id varchar(50),
product_id varchar(50),
quantity int,
price float,
CONSTRAINT fk_products
FOREIGN KEY(product_id)
REFERENCES data.products(product_id),
CONSTRAINT fk_orders
FOREIGN KEY(order_id)
REFERENCES data.orders(order_id)
);, parameters: None
[2025-02-13T02:32:18.809+0000] {taskinstance.py:3313} ERROR - Task failed with exception
Traceback (most recent call last):
  File "/home/airflow/.local/lib/python3.12/site-packages/airflow/models/taskinstance.py", line 768, in _execute_task
    result = _execute_callable(context=context, **execute_callable_kwargs)
             ^^^^^^^^^^^^^^^^^^^^^^^^^^^^^^^^^^^^^^^^^^^^^^^^^^^^^^^^^^^^^
  File "/home/airflow/.local/lib/python3.12/site-packages/airflow/models/taskinstance.py", line 734, in _execute_callable
    return ExecutionCallableRunner(
           ^^^^^^^^^^^^^^^^^^^^^^^^
  File "/home/airflow/.local/lib/python3.12/site-packages/airflow/utils/operator_helpers.py", line 252, in run
    return self.func(*args, **kwargs)
           ^^^^^^^^^^^^^^^^^^^^^^^^^^
  File "/home/airflow/.local/lib/python3.12/site-packages/airflow/models/baseoperator.py", line 424, in wrapper
    return func(self, *args, **kwargs)
           ^^^^^^^^^^^^^^^^^^^^^^^^^^^
  File "/home/airflow/.local/lib/python3.12/site-packages/airflow/providers/common/sql/operators/sql.py", line 301, in execute
    output = hook.run(
             ^^^^^^^^^
  File "/home/airflow/.local/lib/python3.12/site-packages/airflow/providers/common/sql/hooks/sql.py", line 467, in run
    self._run_command(cur, sql_statement, parameters)
  File "/home/airflow/.local/lib/python3.12/site-packages/airflow/providers/common/sql/hooks/sql.py", line 516, in _run_command
    cur.execute(sql_statement)
psycopg2.errors.InvalidSchemaName: schema "data" does not exist

[2025-02-13T02:32:18.819+0000] {taskinstance.py:1226} INFO - Marking task as FAILED. dag_id=create_table_***_dag, task_id=create_tables_model, run_id=scheduled__2025-02-12T00:00:00+00:00, execution_date=20250212T000000, start_date=20250213T023218, end_date=20250213T023218
[2025-02-13T02:32:18.845+0000] {taskinstance.py:341} INFO - ::group::Post task execution logs
[2025-02-13T02:32:18.846+0000] {standard_task_runner.py:124} ERROR - Failed to execute job 3 for task create_tables_model (schema "data" does not exist
; 494)
Traceback (most recent call last):
  File "/home/airflow/.local/lib/python3.12/site-packages/airflow/task/task_runner/standard_task_runner.py", line 117, in _start_by_fork
    ret = args.func(args, dag=self.dag)
          ^^^^^^^^^^^^^^^^^^^^^^^^^^^^^
  File "/home/airflow/.local/lib/python3.12/site-packages/airflow/cli/cli_config.py", line 49, in command
    return func(*args, **kwargs)
           ^^^^^^^^^^^^^^^^^^^^^
  File "/home/airflow/.local/lib/python3.12/site-packages/airflow/utils/cli.py", line 116, in wrapper
    return f(*args, **kwargs)
           ^^^^^^^^^^^^^^^^^^
  File "/home/airflow/.local/lib/python3.12/site-packages/airflow/cli/commands/task_command.py", line 483, in task_run
    task_return_code = _run_task_by_selected_method(args, _dag, ti)
                       ^^^^^^^^^^^^^^^^^^^^^^^^^^^^^^^^^^^^^^^^^^^^
  File "/home/airflow/.local/lib/python3.12/site-packages/airflow/cli/commands/task_command.py", line 256, in _run_task_by_selected_method
    return _run_raw_task(args, ti)
           ^^^^^^^^^^^^^^^^^^^^^^^
  File "/home/airflow/.local/lib/python3.12/site-packages/airflow/cli/commands/task_command.py", line 341, in _run_raw_task
    return ti._run_raw_task(
           ^^^^^^^^^^^^^^^^^
  File "/home/airflow/.local/lib/python3.12/site-packages/airflow/utils/session.py", line 97, in wrapper
    return func(*args, session=session, **kwargs)
           ^^^^^^^^^^^^^^^^^^^^^^^^^^^^^^^^^^^^^^
  File "/home/airflow/.local/lib/python3.12/site-packages/airflow/models/taskinstance.py", line 3006, in _run_raw_task
    return _run_raw_task(
           ^^^^^^^^^^^^^^
  File "/home/airflow/.local/lib/python3.12/site-packages/airflow/models/taskinstance.py", line 274, in _run_raw_task
    TaskInstance._execute_task_with_callbacks(
  File "/home/airflow/.local/lib/python3.12/site-packages/airflow/models/taskinstance.py", line 3161, in _execute_task_with_callbacks
    result = self._execute_task(context, task_orig)
             ^^^^^^^^^^^^^^^^^^^^^^^^^^^^^^^^^^^^^^
  File "/home/airflow/.local/lib/python3.12/site-packages/airflow/models/taskinstance.py", line 3185, in _execute_task
    return _execute_task(self, context, task_orig)
           ^^^^^^^^^^^^^^^^^^^^^^^^^^^^^^^^^^^^^^^
  File "/home/airflow/.local/lib/python3.12/site-packages/airflow/models/taskinstance.py", line 768, in _execute_task
    result = _execute_callable(context=context, **execute_callable_kwargs)
             ^^^^^^^^^^^^^^^^^^^^^^^^^^^^^^^^^^^^^^^^^^^^^^^^^^^^^^^^^^^^^
  File "/home/airflow/.local/lib/python3.12/site-packages/airflow/models/taskinstance.py", line 734, in _execute_callable
    return ExecutionCallableRunner(
           ^^^^^^^^^^^^^^^^^^^^^^^^
  File "/home/airflow/.local/lib/python3.12/site-packages/airflow/utils/operator_helpers.py", line 252, in run
    return self.func(*args, **kwargs)
           ^^^^^^^^^^^^^^^^^^^^^^^^^^
  File "/home/airflow/.local/lib/python3.12/site-packages/airflow/models/baseoperator.py", line 424, in wrapper
    return func(self, *args, **kwargs)
           ^^^^^^^^^^^^^^^^^^^^^^^^^^^
  File "/home/airflow/.local/lib/python3.12/site-packages/airflow/providers/common/sql/operators/sql.py", line 301, in execute
    output = hook.run(
             ^^^^^^^^^
  File "/home/airflow/.local/lib/python3.12/site-packages/airflow/providers/common/sql/hooks/sql.py", line 467, in run
    self._run_command(cur, sql_statement, parameters)
  File "/home/airflow/.local/lib/python3.12/site-packages/airflow/providers/common/sql/hooks/sql.py", line 516, in _run_command
    cur.execute(sql_statement)
psycopg2.errors.InvalidSchemaName: schema "data" does not exist

[2025-02-13T02:32:18.895+0000] {local_task_job_runner.py:266} INFO - Task exited with return code 1
[2025-02-13T02:32:18.924+0000] {taskinstance.py:3901} INFO - 0 downstream tasks scheduled from follow-on schedule check
[2025-02-13T02:32:18.930+0000] {local_task_job_runner.py:245} INFO - ::endgroup::
[2025-02-13T03:53:06.329+0000] {local_task_job_runner.py:123} INFO - ::group::Pre task execution logs
[2025-02-13T03:53:06.352+0000] {taskinstance.py:2614} INFO - Dependencies all met for dep_context=non-requeueable deps ti=<TaskInstance: create_table_postgres_dag.create_tables_model scheduled__2025-02-12T00:00:00+00:00 [queued]>
[2025-02-13T03:53:06.363+0000] {taskinstance.py:2614} INFO - Dependencies all met for dep_context=requeueable deps ti=<TaskInstance: create_table_postgres_dag.create_tables_model scheduled__2025-02-12T00:00:00+00:00 [queued]>
[2025-02-13T03:53:06.364+0000] {taskinstance.py:2867} INFO - Starting attempt 1 of 1
[2025-02-13T03:53:06.379+0000] {taskinstance.py:2890} INFO - Executing <Task(SQLExecuteQueryOperator): create_tables_model> on 2025-02-12 00:00:00+00:00
[2025-02-13T03:53:06.387+0000] {logging_mixin.py:190} WARNING - /home/airflow/.local/lib/python3.12/site-packages/airflow/task/task_runner/standard_task_runner.py:70 DeprecationWarning: This process (pid=934) is multi-threaded, use of fork() may lead to deadlocks in the child.
[2025-02-13T03:53:06.387+0000] {standard_task_runner.py:104} INFO - Running: ['airflow', 'tasks', 'run', 'create_table_***_dag', 'create_tables_model', 'scheduled__2025-02-12T00:00:00+00:00', '--job-id', '3', '--raw', '--subdir', 'DAGS_FOLDER/create_table_***_dag.py', '--cfg-path', '/tmp/tmpo4rmtbl0']
[2025-02-13T03:53:06.390+0000] {standard_task_runner.py:105} INFO - Job 3: Subtask create_tables_model
[2025-02-13T03:53:06.391+0000] {standard_task_runner.py:72} INFO - Started process 938 to run task
[2025-02-13T03:53:06.410+0000] {logging_mixin.py:190} WARNING - /home/airflow/.local/lib/python3.12/site-packages/airflow/settings.py:209 DeprecationWarning: The sql_alchemy_conn option in [core] has been moved to the sql_alchemy_conn option in [database] - the old setting has been used, but please update your config.
[2025-02-13T03:53:06.454+0000] {task_command.py:467} INFO - Running <TaskInstance: create_table_postgres_dag.create_tables_model scheduled__2025-02-12T00:00:00+00:00 [running]> on host 1202205ac05f
[2025-02-13T03:53:06.457+0000] {logging_mixin.py:190} WARNING - /home/airflow/.local/lib/python3.12/site-packages/airflow/settings.py:470 DeprecationWarning: The sql_alchemy_conn option in [core] has been moved to the sql_alchemy_conn option in [database] - the old setting has been used, but please update your config.
[2025-02-13T03:53:06.462+0000] {logging_mixin.py:190} WARNING - /home/airflow/.local/lib/python3.12/site-packages/airflow/settings.py:605 DeprecationWarning: The sql_engine_encoding option in [core] has been moved to the sql_engine_encoding option in [database] - the old setting has been used, but please update your config.
[2025-02-13T03:53:06.746+0000] {logging_mixin.py:190} WARNING - /home/airflow/.local/lib/python3.12/site-packages/airflow/utils/log/secrets_masker.py:84 DeprecationWarning: The sensitive_variable_fields option in [admin] has been moved to the sensitive_var_conn_names option in [core] - the old setting has been used, but please update your config.
[2025-02-13T03:53:06.779+0000] {taskinstance.py:3134} INFO - Exporting env vars: AIRFLOW_CTX_DAG_OWNER='airflow' AIRFLOW_CTX_DAG_ID='create_table_***_dag' AIRFLOW_CTX_TASK_ID='create_tables_model' AIRFLOW_CTX_EXECUTION_DATE='2025-02-12T00:00:00+00:00' AIRFLOW_CTX_TRY_NUMBER='1' AIRFLOW_CTX_DAG_RUN_ID='scheduled__2025-02-12T00:00:00+00:00'
[2025-02-13T03:53:06.780+0000] {taskinstance.py:732} INFO - ::endgroup::
[2025-02-13T03:53:06.819+0000] {sql.py:295} INFO - Executing: CREATE SCHEMA IF NOT EXISTS raw;
CREATE SCHEMA IF NOT EXISTS model;

CREATE TABLE IF NOT EXISTS model.products (
 product_id varchar(50) PRIMARY KEY,
 name varchar(50),
 category varchar(50),
 price float
);

CREATE TABLE IF NOT EXISTS model.orders (
order_id varchar(50) PRIMARY KEY,
customer_id varchar(50),
order_date date,
total_amount float
);

CREATE TABLE IF NOT EXISTS model.order_items (
order_item_id varchar(50) PRIMARY KEY,
order_id varchar(50),
product_id varchar(50),
quantity int,
price float,
CONSTRAINT fk_products
FOREIGN KEY(product_id)
REFERENCES model.products(product_id),
CONSTRAINT fk_orders
FOREIGN KEY(order_id)
REFERENCES model.orders(order_id)
);
[2025-02-13T03:53:06.829+0000] {base.py:84} INFO - Retrieving connection '***'
[2025-02-13T03:53:06.843+0000] {base.py:84} INFO - Retrieving connection '***'
[2025-02-13T03:53:06.848+0000] {sql.py:511} INFO - Running statement: CREATE SCHEMA IF NOT EXISTS raw;
CREATE SCHEMA IF NOT EXISTS model;

CREATE TABLE IF NOT EXISTS model.products (
 product_id varchar(50) PRIMARY KEY,
 name varchar(50),
 category varchar(50),
 price float
);

CREATE TABLE IF NOT EXISTS model.orders (
order_id varchar(50) PRIMARY KEY,
customer_id varchar(50),
order_date date,
total_amount float
);

CREATE TABLE IF NOT EXISTS model.order_items (
order_item_id varchar(50) PRIMARY KEY,
order_id varchar(50),
product_id varchar(50),
quantity int,
price float,
CONSTRAINT fk_products
FOREIGN KEY(product_id)
REFERENCES model.products(product_id),
CONSTRAINT fk_orders
FOREIGN KEY(order_id)
REFERENCES model.orders(order_id)
);, parameters: None
[2025-02-13T03:53:06.869+0000] {logging_mixin.py:190} WARNING - /home/airflow/.local/lib/python3.12/site-packages/airflow/providers/common/sql/hooks/sql.py:470 DeprecationWarning: Import of fetch_all_handler from the 'airflow.providers.common.sql.hooks' module is deprecated and will
be removed in the future. Please import it from 'airflow.providers.common.sql.hooks.handlers'.
[2025-02-13T03:53:06.872+0000] {logging_mixin.py:190} WARNING - /home/airflow/.local/lib/python3.12/site-packages/airflow/providers/common/sql/hooks/sql.py:471 DeprecationWarning: Import of return_single_query_results from the 'airflow.providers.common.sql.hooks' module is deprecated and will
be removed in the future. Please import it from 'airflow.providers.common.sql.hooks.handlers'.
[2025-02-13T03:53:06.878+0000] {logging_mixin.py:190} WARNING - /home/airflow/.local/lib/python3.12/site-packages/airflow/providers/common/sql/hooks/sql.py:486 DeprecationWarning: Import of return_single_query_results from the 'airflow.providers.common.sql.hooks' module is deprecated and will
be removed in the future. Please import it from 'airflow.providers.common.sql.hooks.handlers'.
[2025-02-13T03:53:06.880+0000] {logging_mixin.py:190} WARNING - /home/airflow/.local/lib/python3.12/site-packages/airflow/providers/common/sql/operators/sql.py:311 DeprecationWarning: Import of return_single_query_results from the 'airflow.providers.common.sql.hooks' module is deprecated and will
be removed in the future. Please import it from 'airflow.providers.common.sql.hooks.handlers'.
[2025-02-13T03:53:06.888+0000] {taskinstance.py:341} INFO - ::group::Post task execution logs
[2025-02-13T03:53:06.889+0000] {taskinstance.py:353} INFO - Marking task as SUCCESS. dag_id=create_table_***_dag, task_id=create_tables_model, run_id=scheduled__2025-02-12T00:00:00+00:00, execution_date=20250212T000000, start_date=20250213T035306, end_date=20250213T035306
[2025-02-13T03:53:06.929+0000] {local_task_job_runner.py:266} INFO - Task exited with return code 0
[2025-02-13T03:53:06.941+0000] {local_task_job_runner.py:245} INFO - ::endgroup::
[2025-02-13T04:24:10.953+0000] {local_task_job_runner.py:123} INFO - ::group::Pre task execution logs
[2025-02-13T04:24:10.983+0000] {taskinstance.py:2614} INFO - Dependencies all met for dep_context=non-requeueable deps ti=<TaskInstance: create_table_postgres_dag.create_tables_model scheduled__2025-02-12T00:00:00+00:00 [queued]>
[2025-02-13T04:24:10.995+0000] {taskinstance.py:2614} INFO - Dependencies all met for dep_context=requeueable deps ti=<TaskInstance: create_table_postgres_dag.create_tables_model scheduled__2025-02-12T00:00:00+00:00 [queued]>
[2025-02-13T04:24:10.996+0000] {taskinstance.py:2867} INFO - Starting attempt 1 of 1
[2025-02-13T04:24:11.013+0000] {taskinstance.py:2890} INFO - Executing <Task(SQLExecuteQueryOperator): create_tables_model> on 2025-02-12 00:00:00+00:00
[2025-02-13T04:24:11.023+0000] {logging_mixin.py:190} WARNING - /home/airflow/.local/lib/python3.12/site-packages/airflow/task/task_runner/standard_task_runner.py:70 DeprecationWarning: This process (pid=227) is multi-threaded, use of fork() may lead to deadlocks in the child.
[2025-02-13T04:24:11.024+0000] {standard_task_runner.py:72} INFO - Started process 231 to run task
[2025-02-13T04:24:11.022+0000] {standard_task_runner.py:104} INFO - Running: ['airflow', 'tasks', 'run', 'create_table_***_dag', 'create_tables_model', 'scheduled__2025-02-12T00:00:00+00:00', '--job-id', '2', '--raw', '--subdir', 'DAGS_FOLDER/create_table_***_dag.py', '--cfg-path', '/tmp/tmp3_tgykzq']
[2025-02-13T04:24:11.027+0000] {standard_task_runner.py:105} INFO - Job 2: Subtask create_tables_model
[2025-02-13T04:24:11.048+0000] {logging_mixin.py:190} WARNING - /home/airflow/.local/lib/python3.12/site-packages/airflow/settings.py:209 DeprecationWarning: The sql_alchemy_conn option in [core] has been moved to the sql_alchemy_conn option in [database] - the old setting has been used, but please update your config.
[2025-02-13T04:24:11.104+0000] {task_command.py:467} INFO - Running <TaskInstance: create_table_postgres_dag.create_tables_model scheduled__2025-02-12T00:00:00+00:00 [running]> on host 89bb8c6379b5
[2025-02-13T04:24:11.107+0000] {logging_mixin.py:190} WARNING - /home/airflow/.local/lib/python3.12/site-packages/airflow/settings.py:470 DeprecationWarning: The sql_alchemy_conn option in [core] has been moved to the sql_alchemy_conn option in [database] - the old setting has been used, but please update your config.
[2025-02-13T04:24:11.112+0000] {logging_mixin.py:190} WARNING - /home/airflow/.local/lib/python3.12/site-packages/airflow/settings.py:605 DeprecationWarning: The sql_engine_encoding option in [core] has been moved to the sql_engine_encoding option in [database] - the old setting has been used, but please update your config.
[2025-02-13T04:24:11.390+0000] {logging_mixin.py:190} WARNING - /home/airflow/.local/lib/python3.12/site-packages/airflow/utils/log/secrets_masker.py:84 DeprecationWarning: The sensitive_variable_fields option in [admin] has been moved to the sensitive_var_conn_names option in [core] - the old setting has been used, but please update your config.
[2025-02-13T04:24:11.421+0000] {taskinstance.py:3134} INFO - Exporting env vars: AIRFLOW_CTX_DAG_OWNER='airflow' AIRFLOW_CTX_DAG_ID='create_table_***_dag' AIRFLOW_CTX_TASK_ID='create_tables_model' AIRFLOW_CTX_EXECUTION_DATE='2025-02-12T00:00:00+00:00' AIRFLOW_CTX_TRY_NUMBER='1' AIRFLOW_CTX_DAG_RUN_ID='scheduled__2025-02-12T00:00:00+00:00'
[2025-02-13T04:24:11.422+0000] {taskinstance.py:732} INFO - ::endgroup::
[2025-02-13T04:24:11.449+0000] {sql.py:295} INFO - Executing: CREATE SCHEMA IF NOT EXISTS raw;
CREATE SCHEMA IF NOT EXISTS model;

CREATE TABLE IF NOT EXISTS model.products (
 product_id varchar(50) PRIMARY KEY,
 product_name varchar(50),
 category varchar(50),
 price float,
 date_load date default current_date
);

CREATE TABLE IF NOT EXISTS model.orders (
order_id varchar(50) PRIMARY KEY,
customer_id varchar(50),
order_date date,
total_amount float,
date_load date default current_date
);

CREATE TABLE IF NOT EXISTS model.order_items (
order_item_id varchar(50) PRIMARY KEY,
order_id varchar(50),
product_id varchar(50),
quantity int,
price float,
date_load date default current_date,
CONSTRAINT fk_products
FOREIGN KEY(product_id)
REFERENCES model.products(product_id),
CONSTRAINT fk_orders
FOREIGN KEY(order_id)
REFERENCES model.orders(order_id)
);
[2025-02-13T04:24:11.458+0000] {base.py:84} INFO - Retrieving connection '***'
[2025-02-13T04:24:11.471+0000] {base.py:84} INFO - Retrieving connection '***'
[2025-02-13T04:24:11.476+0000] {sql.py:511} INFO - Running statement: CREATE SCHEMA IF NOT EXISTS raw;
CREATE SCHEMA IF NOT EXISTS model;

CREATE TABLE IF NOT EXISTS model.products (
 product_id varchar(50) PRIMARY KEY,
 product_name varchar(50),
 category varchar(50),
 price float,
 date_load date default current_date
);

CREATE TABLE IF NOT EXISTS model.orders (
order_id varchar(50) PRIMARY KEY,
customer_id varchar(50),
order_date date,
total_amount float,
date_load date default current_date
);

CREATE TABLE IF NOT EXISTS model.order_items (
order_item_id varchar(50) PRIMARY KEY,
order_id varchar(50),
product_id varchar(50),
quantity int,
price float,
date_load date default current_date,
CONSTRAINT fk_products
FOREIGN KEY(product_id)
REFERENCES model.products(product_id),
CONSTRAINT fk_orders
FOREIGN KEY(order_id)
REFERENCES model.orders(order_id)
);, parameters: None
[2025-02-13T04:24:11.493+0000] {logging_mixin.py:190} WARNING - /home/airflow/.local/lib/python3.12/site-packages/airflow/providers/common/sql/hooks/sql.py:470 DeprecationWarning: Import of fetch_all_handler from the 'airflow.providers.common.sql.hooks' module is deprecated and will
be removed in the future. Please import it from 'airflow.providers.common.sql.hooks.handlers'.
[2025-02-13T04:24:11.495+0000] {logging_mixin.py:190} WARNING - /home/airflow/.local/lib/python3.12/site-packages/airflow/providers/common/sql/hooks/sql.py:471 DeprecationWarning: Import of return_single_query_results from the 'airflow.providers.common.sql.hooks' module is deprecated and will
be removed in the future. Please import it from 'airflow.providers.common.sql.hooks.handlers'.
[2025-02-13T04:24:11.499+0000] {logging_mixin.py:190} WARNING - /home/airflow/.local/lib/python3.12/site-packages/airflow/providers/common/sql/hooks/sql.py:486 DeprecationWarning: Import of return_single_query_results from the 'airflow.providers.common.sql.hooks' module is deprecated and will
be removed in the future. Please import it from 'airflow.providers.common.sql.hooks.handlers'.
[2025-02-13T04:24:11.501+0000] {logging_mixin.py:190} WARNING - /home/airflow/.local/lib/python3.12/site-packages/airflow/providers/common/sql/operators/sql.py:311 DeprecationWarning: Import of return_single_query_results from the 'airflow.providers.common.sql.hooks' module is deprecated and will
be removed in the future. Please import it from 'airflow.providers.common.sql.hooks.handlers'.
[2025-02-13T04:24:11.509+0000] {taskinstance.py:341} INFO - ::group::Post task execution logs
[2025-02-13T04:24:11.510+0000] {taskinstance.py:353} INFO - Marking task as SUCCESS. dag_id=create_table_***_dag, task_id=create_tables_model, run_id=scheduled__2025-02-12T00:00:00+00:00, execution_date=20250212T000000, start_date=20250213T042410, end_date=20250213T042411
[2025-02-13T04:24:11.562+0000] {local_task_job_runner.py:266} INFO - Task exited with return code 0
[2025-02-13T04:24:11.594+0000] {taskinstance.py:3901} INFO - 3 downstream tasks scheduled from follow-on schedule check
[2025-02-13T04:24:11.596+0000] {local_task_job_runner.py:245} INFO - ::endgroup::
