[2025-02-13T06:49:54.014+0000] {local_task_job_runner.py:123} INFO - ::group::Pre task execution logs
[2025-02-13T06:49:54.043+0000] {taskinstance.py:2614} INFO - Dependencies all met for dep_context=non-requeueable deps ti=<TaskInstance: transform_data_dag.dbt_run manual__2025-02-13T06:49:52.905982+00:00 [queued]>
[2025-02-13T06:49:54.063+0000] {taskinstance.py:2614} INFO - Dependencies all met for dep_context=requeueable deps ti=<TaskInstance: transform_data_dag.dbt_run manual__2025-02-13T06:49:52.905982+00:00 [queued]>
[2025-02-13T06:49:54.065+0000] {taskinstance.py:2867} INFO - Starting attempt 1 of 1
[2025-02-13T06:49:54.086+0000] {taskinstance.py:2890} INFO - Executing <Task(BashOperator): dbt_run> on 2025-02-13 06:49:52.905982+00:00
[2025-02-13T06:49:54.109+0000] {logging_mixin.py:190} WARNING - /home/airflow/.local/lib/python3.12/site-packages/airflow/task/task_runner/standard_task_runner.py:70 DeprecationWarning: This process (pid=3677) is multi-threaded, use of fork() may lead to deadlocks in the child.
[2025-02-13T06:49:54.112+0000] {standard_task_runner.py:72} INFO - Started process 3678 to run task
[2025-02-13T06:49:54.110+0000] {standard_task_runner.py:104} INFO - Running: ['airflow', 'tasks', 'run', 'transform_data_dag', 'dbt_run', 'manual__2025-02-13T06:49:52.905982+00:00', '--job-id', '37', '--raw', '--subdir', 'DAGS_FOLDER/transform_data_dag.py', '--cfg-path', '/tmp/tmp_jyere6w']
[2025-02-13T06:49:54.114+0000] {standard_task_runner.py:105} INFO - Job 37: Subtask dbt_run
[2025-02-13T06:49:54.138+0000] {logging_mixin.py:190} WARNING - /home/airflow/.local/lib/python3.12/site-packages/airflow/settings.py:209 DeprecationWarning: The sql_alchemy_conn option in [core] has been moved to the sql_alchemy_conn option in [database] - the old setting has been used, but please update your config.
[2025-02-13T06:49:54.172+0000] {task_command.py:467} INFO - Running <TaskInstance: transform_data_dag.dbt_run manual__2025-02-13T06:49:52.905982+00:00 [running]> on host 89bb8c6379b5
[2025-02-13T06:49:54.234+0000] {logging_mixin.py:190} WARNING - /home/airflow/.local/lib/python3.12/site-packages/airflow/utils/log/secrets_masker.py:84 DeprecationWarning: The sensitive_variable_fields option in [admin] has been moved to the sensitive_var_conn_names option in [core] - the old setting has been used, but please update your config.
[2025-02-13T06:49:54.267+0000] {taskinstance.py:3134} INFO - Exporting env vars: AIRFLOW_CTX_DAG_OWNER='airflow' AIRFLOW_CTX_DAG_ID='transform_data_dag' AIRFLOW_CTX_TASK_ID='dbt_run' AIRFLOW_CTX_EXECUTION_DATE='2025-02-13T06:49:52.905982+00:00' AIRFLOW_CTX_TRY_NUMBER='1' AIRFLOW_CTX_DAG_RUN_ID='manual__2025-02-13T06:49:52.905982+00:00'
[2025-02-13T06:49:54.268+0000] {taskinstance.py:732} INFO - ::endgroup::
[2025-02-13T06:49:54.287+0000] {subprocess.py:78} INFO - Tmp dir root location: /tmp
[2025-02-13T06:49:54.288+0000] {subprocess.py:88} INFO - Running command: ['/usr/bin/bash', '-c', 'cd /opt/airflow/dags/dbt/***_project && dbt run']
[2025-02-13T06:49:54.297+0000] {subprocess.py:99} INFO - Output:
[2025-02-13T06:49:56.733+0000] {subprocess.py:106} INFO - [0m06:49:56  Running with dbt=1.8.7
[2025-02-13T06:49:57.097+0000] {subprocess.py:106} INFO - [0m06:49:57  Registered adapter: ***=1.9.0
[2025-02-13T06:49:58.163+0000] {subprocess.py:106} INFO - [0m06:49:58  Found 4 models, 3 sources, 429 macros
[2025-02-13T06:49:58.168+0000] {subprocess.py:106} INFO - [0m06:49:58
[2025-02-13T06:49:58.291+0000] {subprocess.py:106} INFO - [0m06:49:58  Concurrency: 1 threads (target='dev')
[2025-02-13T06:49:58.292+0000] {subprocess.py:106} INFO - [0m06:49:58
[2025-02-13T06:49:58.370+0000] {subprocess.py:106} INFO - [0m06:49:58  1 of 1 START sql incremental model model.products .............................. [RUN]
[2025-02-13T06:49:58.653+0000] {subprocess.py:106} INFO - [0m06:49:58  1 of 1 OK created sql incremental model model.products ......................... [[32mINSERT 0 0[0m in 0.28s]
[2025-02-13T06:49:58.671+0000] {subprocess.py:106} INFO - [0m06:49:58
[2025-02-13T06:49:58.672+0000] {subprocess.py:106} INFO - [0m06:49:58  Finished running 1 incremental model in 0 hours 0 minutes and 0.50 seconds (0.50s).
[2025-02-13T06:49:58.750+0000] {subprocess.py:106} INFO - [0m06:49:58
[2025-02-13T06:49:58.751+0000] {subprocess.py:106} INFO - [0m06:49:58  [32mCompleted successfully[0m
[2025-02-13T06:49:58.752+0000] {subprocess.py:106} INFO - [0m06:49:58
[2025-02-13T06:49:58.753+0000] {subprocess.py:106} INFO - [0m06:49:58  Done. PASS=1 WARN=0 ERROR=0 SKIP=0 TOTAL=1
[2025-02-13T06:49:59.504+0000] {subprocess.py:110} INFO - Command exited with return code 0
[2025-02-13T06:49:59.532+0000] {taskinstance.py:341} INFO - ::group::Post task execution logs
[2025-02-13T06:49:59.533+0000] {taskinstance.py:353} INFO - Marking task as SUCCESS. dag_id=transform_data_dag, task_id=dbt_run, run_id=manual__2025-02-13T06:49:52.905982+00:00, execution_date=20250213T064952, start_date=20250213T064954, end_date=20250213T064959
[2025-02-13T06:49:59.594+0000] {local_task_job_runner.py:266} INFO - Task exited with return code 0
[2025-02-13T06:49:59.612+0000] {taskinstance.py:3901} INFO - 0 downstream tasks scheduled from follow-on schedule check
[2025-02-13T06:49:59.614+0000] {local_task_job_runner.py:245} INFO - ::endgroup::
