[2025-02-13T01:15:00.358+0000] {local_task_job_runner.py:123} INFO - ::group::Pre task execution logs
[2025-02-13T01:15:00.401+0000] {taskinstance.py:2614} INFO - Dependencies all met for dep_context=non-requeueable deps ti=<TaskInstance: create_table_postgres_dag.create_tables_raw_products scheduled__2025-02-12T00:00:00+00:00 [queued]>
[2025-02-13T01:15:00.419+0000] {taskinstance.py:2614} INFO - Dependencies all met for dep_context=requeueable deps ti=<TaskInstance: create_table_postgres_dag.create_tables_raw_products scheduled__2025-02-12T00:00:00+00:00 [queued]>
[2025-02-13T01:15:00.424+0000] {taskinstance.py:2867} INFO - Starting attempt 1 of 1
[2025-02-13T01:15:00.451+0000] {taskinstance.py:2890} INFO - Executing <Task(PythonOperator): create_tables_raw_products> on 2025-02-12 00:00:00+00:00
[2025-02-13T01:15:00.463+0000] {logging_mixin.py:190} WARNING - /home/airflow/.local/lib/python3.12/site-packages/airflow/task/task_runner/standard_task_runner.py:70 DeprecationWarning: This process (pid=2129) is multi-threaded, use of fork() may lead to deadlocks in the child.
[2025-02-13T01:15:00.466+0000] {standard_task_runner.py:72} INFO - Started process 2137 to run task
[2025-02-13T01:15:00.462+0000] {standard_task_runner.py:104} INFO - Running: ['airflow', 'tasks', 'run', 'create_table_***_dag', 'create_tables_raw_products', 'scheduled__2025-02-12T00:00:00+00:00', '--job-id', '24', '--raw', '--subdir', 'DAGS_FOLDER/create_table_***_dag.py', '--cfg-path', '/tmp/tmpvj1777m2']
[2025-02-13T01:15:00.467+0000] {standard_task_runner.py:105} INFO - Job 24: Subtask create_tables_raw_products
[2025-02-13T01:15:00.499+0000] {logging_mixin.py:190} WARNING - /home/airflow/.local/lib/python3.12/site-packages/airflow/settings.py:209 DeprecationWarning: The sql_alchemy_conn option in [core] has been moved to the sql_alchemy_conn option in [database] - the old setting has been used, but please update your config.
[2025-02-13T01:15:00.577+0000] {task_command.py:467} INFO - Running <TaskInstance: create_table_postgres_dag.create_tables_raw_products scheduled__2025-02-12T00:00:00+00:00 [running]> on host 9718839f2a7d
[2025-02-13T01:15:00.581+0000] {logging_mixin.py:190} WARNING - /home/airflow/.local/lib/python3.12/site-packages/airflow/settings.py:470 DeprecationWarning: The sql_alchemy_conn option in [core] has been moved to the sql_alchemy_conn option in [database] - the old setting has been used, but please update your config.
[2025-02-13T01:15:00.590+0000] {logging_mixin.py:190} WARNING - /home/airflow/.local/lib/python3.12/site-packages/airflow/settings.py:605 DeprecationWarning: The sql_engine_encoding option in [core] has been moved to the sql_engine_encoding option in [database] - the old setting has been used, but please update your config.
[2025-02-13T01:15:01.103+0000] {logging_mixin.py:190} WARNING - /home/airflow/.local/lib/python3.12/site-packages/airflow/utils/log/secrets_masker.py:84 DeprecationWarning: The sensitive_variable_fields option in [admin] has been moved to the sensitive_var_conn_names option in [core] - the old setting has been used, but please update your config.
[2025-02-13T01:15:01.170+0000] {taskinstance.py:3134} INFO - Exporting env vars: AIRFLOW_CTX_DAG_OWNER='airflow' AIRFLOW_CTX_DAG_ID='create_table_***_dag' AIRFLOW_CTX_TASK_ID='create_tables_raw_products' AIRFLOW_CTX_EXECUTION_DATE='2025-02-12T00:00:00+00:00' AIRFLOW_CTX_TRY_NUMBER='1' AIRFLOW_CTX_DAG_RUN_ID='scheduled__2025-02-12T00:00:00+00:00'
[2025-02-13T01:15:01.172+0000] {taskinstance.py:732} INFO - ::endgroup::
[2025-02-13T01:15:01.274+0000] {python.py:240} INFO - Done. Returned value was: None
[2025-02-13T01:15:01.286+0000] {taskinstance.py:341} INFO - ::group::Post task execution logs
[2025-02-13T01:15:01.287+0000] {taskinstance.py:353} INFO - Marking task as SUCCESS. dag_id=create_table_***_dag, task_id=create_tables_raw_products, run_id=scheduled__2025-02-12T00:00:00+00:00, execution_date=20250212T000000, start_date=20250213T011500, end_date=20250213T011501
[2025-02-13T01:15:01.367+0000] {local_task_job_runner.py:266} INFO - Task exited with return code 0
[2025-02-13T01:15:01.392+0000] {taskinstance.py:3901} INFO - 0 downstream tasks scheduled from follow-on schedule check
[2025-02-13T01:15:01.394+0000] {local_task_job_runner.py:245} INFO - ::endgroup::
[2025-02-13T03:53:08.626+0000] {local_task_job_runner.py:123} INFO - ::group::Pre task execution logs
[2025-02-13T03:53:08.652+0000] {taskinstance.py:2614} INFO - Dependencies all met for dep_context=non-requeueable deps ti=<TaskInstance: create_table_postgres_dag.create_tables_raw_products scheduled__2025-02-12T00:00:00+00:00 [queued]>
[2025-02-13T03:53:08.663+0000] {taskinstance.py:2614} INFO - Dependencies all met for dep_context=requeueable deps ti=<TaskInstance: create_table_postgres_dag.create_tables_raw_products scheduled__2025-02-12T00:00:00+00:00 [queued]>
[2025-02-13T03:53:08.663+0000] {taskinstance.py:2867} INFO - Starting attempt 1 of 1
[2025-02-13T03:53:08.678+0000] {taskinstance.py:2890} INFO - Executing <Task(PythonOperator): create_tables_raw_products> on 2025-02-12 00:00:00+00:00
[2025-02-13T03:53:08.688+0000] {logging_mixin.py:190} WARNING - /home/airflow/.local/lib/python3.12/site-packages/airflow/task/task_runner/standard_task_runner.py:70 DeprecationWarning: This process (pid=943) is multi-threaded, use of fork() may lead to deadlocks in the child.
[2025-02-13T03:53:08.690+0000] {standard_task_runner.py:72} INFO - Started process 952 to run task
[2025-02-13T03:53:08.688+0000] {standard_task_runner.py:104} INFO - Running: ['airflow', 'tasks', 'run', 'create_table_***_dag', 'create_tables_raw_products', 'scheduled__2025-02-12T00:00:00+00:00', '--job-id', '6', '--raw', '--subdir', 'DAGS_FOLDER/create_table_***_dag.py', '--cfg-path', '/tmp/tmptu87zxp3']
[2025-02-13T03:53:08.691+0000] {standard_task_runner.py:105} INFO - Job 6: Subtask create_tables_raw_products
[2025-02-13T03:53:08.707+0000] {logging_mixin.py:190} WARNING - /home/airflow/.local/lib/python3.12/site-packages/airflow/settings.py:209 DeprecationWarning: The sql_alchemy_conn option in [core] has been moved to the sql_alchemy_conn option in [database] - the old setting has been used, but please update your config.
[2025-02-13T03:53:08.748+0000] {task_command.py:467} INFO - Running <TaskInstance: create_table_postgres_dag.create_tables_raw_products scheduled__2025-02-12T00:00:00+00:00 [running]> on host 1202205ac05f
[2025-02-13T03:53:08.751+0000] {logging_mixin.py:190} WARNING - /home/airflow/.local/lib/python3.12/site-packages/airflow/settings.py:470 DeprecationWarning: The sql_alchemy_conn option in [core] has been moved to the sql_alchemy_conn option in [database] - the old setting has been used, but please update your config.
[2025-02-13T03:53:08.754+0000] {logging_mixin.py:190} WARNING - /home/airflow/.local/lib/python3.12/site-packages/airflow/settings.py:605 DeprecationWarning: The sql_engine_encoding option in [core] has been moved to the sql_engine_encoding option in [database] - the old setting has been used, but please update your config.
[2025-02-13T03:53:09.063+0000] {logging_mixin.py:190} WARNING - /home/airflow/.local/lib/python3.12/site-packages/airflow/utils/log/secrets_masker.py:84 DeprecationWarning: The sensitive_variable_fields option in [admin] has been moved to the sensitive_var_conn_names option in [core] - the old setting has been used, but please update your config.
[2025-02-13T03:53:09.095+0000] {taskinstance.py:3134} INFO - Exporting env vars: AIRFLOW_CTX_DAG_OWNER='airflow' AIRFLOW_CTX_DAG_ID='create_table_***_dag' AIRFLOW_CTX_TASK_ID='create_tables_raw_products' AIRFLOW_CTX_EXECUTION_DATE='2025-02-12T00:00:00+00:00' AIRFLOW_CTX_TRY_NUMBER='1' AIRFLOW_CTX_DAG_RUN_ID='scheduled__2025-02-12T00:00:00+00:00'
[2025-02-13T03:53:09.096+0000] {taskinstance.py:732} INFO - ::endgroup::
[2025-02-13T03:53:09.151+0000] {python.py:240} INFO - Done. Returned value was: None
[2025-02-13T03:53:09.163+0000] {taskinstance.py:341} INFO - ::group::Post task execution logs
[2025-02-13T03:53:09.164+0000] {taskinstance.py:353} INFO - Marking task as SUCCESS. dag_id=create_table_***_dag, task_id=create_tables_raw_products, run_id=scheduled__2025-02-12T00:00:00+00:00, execution_date=20250212T000000, start_date=20250213T035308, end_date=20250213T035309
[2025-02-13T03:53:09.227+0000] {local_task_job_runner.py:266} INFO - Task exited with return code 0
[2025-02-13T03:53:09.236+0000] {local_task_job_runner.py:245} INFO - ::endgroup::
[2025-02-13T04:24:13.028+0000] {local_task_job_runner.py:123} INFO - ::group::Pre task execution logs
[2025-02-13T04:24:13.053+0000] {taskinstance.py:2614} INFO - Dependencies all met for dep_context=non-requeueable deps ti=<TaskInstance: create_table_postgres_dag.create_tables_raw_products scheduled__2025-02-12T00:00:00+00:00 [queued]>
[2025-02-13T04:24:13.064+0000] {taskinstance.py:2614} INFO - Dependencies all met for dep_context=requeueable deps ti=<TaskInstance: create_table_postgres_dag.create_tables_raw_products scheduled__2025-02-12T00:00:00+00:00 [queued]>
[2025-02-13T04:24:13.065+0000] {taskinstance.py:2867} INFO - Starting attempt 1 of 1
[2025-02-13T04:24:13.082+0000] {taskinstance.py:2890} INFO - Executing <Task(PythonOperator): create_tables_raw_products> on 2025-02-12 00:00:00+00:00
[2025-02-13T04:24:13.092+0000] {logging_mixin.py:190} WARNING - /home/airflow/.local/lib/python3.12/site-packages/airflow/task/task_runner/standard_task_runner.py:70 DeprecationWarning: This process (pid=234) is multi-threaded, use of fork() may lead to deadlocks in the child.
[2025-02-13T04:24:13.094+0000] {standard_task_runner.py:72} INFO - Started process 240 to run task
[2025-02-13T04:24:13.091+0000] {standard_task_runner.py:104} INFO - Running: ['airflow', 'tasks', 'run', 'create_table_***_dag', 'create_tables_raw_products', 'scheduled__2025-02-12T00:00:00+00:00', '--job-id', '5', '--raw', '--subdir', 'DAGS_FOLDER/create_table_***_dag.py', '--cfg-path', '/tmp/tmpgtmqqcwh']
[2025-02-13T04:24:13.095+0000] {standard_task_runner.py:105} INFO - Job 5: Subtask create_tables_raw_products
[2025-02-13T04:24:13.116+0000] {logging_mixin.py:190} WARNING - /home/airflow/.local/lib/python3.12/site-packages/airflow/settings.py:209 DeprecationWarning: The sql_alchemy_conn option in [core] has been moved to the sql_alchemy_conn option in [database] - the old setting has been used, but please update your config.
[2025-02-13T04:24:13.176+0000] {task_command.py:467} INFO - Running <TaskInstance: create_table_postgres_dag.create_tables_raw_products scheduled__2025-02-12T00:00:00+00:00 [running]> on host 89bb8c6379b5
[2025-02-13T04:24:13.178+0000] {logging_mixin.py:190} WARNING - /home/airflow/.local/lib/python3.12/site-packages/airflow/settings.py:470 DeprecationWarning: The sql_alchemy_conn option in [core] has been moved to the sql_alchemy_conn option in [database] - the old setting has been used, but please update your config.
[2025-02-13T04:24:13.183+0000] {logging_mixin.py:190} WARNING - /home/airflow/.local/lib/python3.12/site-packages/airflow/settings.py:605 DeprecationWarning: The sql_engine_encoding option in [core] has been moved to the sql_engine_encoding option in [database] - the old setting has been used, but please update your config.
[2025-02-13T04:24:13.495+0000] {logging_mixin.py:190} WARNING - /home/airflow/.local/lib/python3.12/site-packages/airflow/utils/log/secrets_masker.py:84 DeprecationWarning: The sensitive_variable_fields option in [admin] has been moved to the sensitive_var_conn_names option in [core] - the old setting has been used, but please update your config.
[2025-02-13T04:24:13.531+0000] {taskinstance.py:3134} INFO - Exporting env vars: AIRFLOW_CTX_DAG_OWNER='airflow' AIRFLOW_CTX_DAG_ID='create_table_***_dag' AIRFLOW_CTX_TASK_ID='create_tables_raw_products' AIRFLOW_CTX_EXECUTION_DATE='2025-02-12T00:00:00+00:00' AIRFLOW_CTX_TRY_NUMBER='1' AIRFLOW_CTX_DAG_RUN_ID='scheduled__2025-02-12T00:00:00+00:00'
[2025-02-13T04:24:13.532+0000] {taskinstance.py:732} INFO - ::endgroup::
[2025-02-13T04:24:13.580+0000] {python.py:240} INFO - Done. Returned value was: None
[2025-02-13T04:24:13.591+0000] {taskinstance.py:341} INFO - ::group::Post task execution logs
[2025-02-13T04:24:13.591+0000] {taskinstance.py:353} INFO - Marking task as SUCCESS. dag_id=create_table_***_dag, task_id=create_tables_raw_products, run_id=scheduled__2025-02-12T00:00:00+00:00, execution_date=20250212T000000, start_date=20250213T042413, end_date=20250213T042413
[2025-02-13T04:24:13.631+0000] {local_task_job_runner.py:266} INFO - Task exited with return code 0
[2025-02-13T04:24:13.656+0000] {taskinstance.py:3901} INFO - 0 downstream tasks scheduled from follow-on schedule check
[2025-02-13T04:24:13.658+0000] {local_task_job_runner.py:245} INFO - ::endgroup::
